<?xml version="1.0" encoding="UTF-8"?>
<robot generator="Robot 3.1.2.1 (Python 3.7.2 on win32)" generated="20191220 01:40:52.862" rpa="false">
<suite id="s1" name="TrainingPOM" source="D:\workspace1\TrainingPOM">
<suite id="s1-s1" name="TestCases" source="D:\workspace1\TrainingPOM\TestCases">
<suite id="s1-s1-s1" name="RegistrationBDD" source="D:\workspace1\TrainingPOM\TestCases\RegistrationBDD.robot">
<test id="s1-s1-s1-t1" name="TC1">
<kw name="Given Start Browser and Maximize" library="RegistrationKeywords">
<kw name="Open Browser" library="SeleniumLibrary">
<doc>Opens a new browser instance to the optional ``url``.</doc>
<arguments>
<arg>${URL}</arg>
<arg>${Browser}</arg>
</arguments>
<msg timestamp="20191220 01:40:54.477" level="INFO">Opening browser 'firefox' to base url 'http://newtours.demoaut.com'.</msg>
<msg timestamp="20191220 01:40:54.477" level="INFO">Firefox driver log is always forced to to: D:\workspace1\TrainingPOM\geckodriver-37.log</msg>
<status status="PASS" starttime="20191220 01:40:54.477" endtime="20191220 01:41:04.656"></status>
</kw>
<kw name="Maximize Browser Window" library="SeleniumLibrary">
<doc>Maximizes current browser window.</doc>
<status status="PASS" starttime="20191220 01:41:04.657" endtime="20191220 01:41:04.932"></status>
</kw>
<status status="PASS" starttime="20191220 01:40:54.477" endtime="20191220 01:41:04.933"></status>
</kw>
<kw name="And Click Register Link" library="RegistrationKeywords">
<kw name="Click Link" library="SeleniumLibrary">
<doc>Clicks a link identified by ``locator``.</doc>
<arguments>
<arg>${link_Reg}</arg>
</arguments>
<msg timestamp="20191220 01:41:04.937" level="INFO">Clicking link 'link:REGISTER'.</msg>
<status status="PASS" starttime="20191220 01:41:04.937" endtime="20191220 01:41:05.918"></status>
</kw>
<status status="PASS" starttime="20191220 01:41:04.935" endtime="20191220 01:41:05.919"></status>
</kw>
<kw name="When Execute Keyword With Multiple Data" library="GenericLib">
<doc>| Usage |
 This keyword is used to run template with multiple data.</doc>
<arguments>
<arg>Register User</arg>
<arg>${Registration_data_file}</arg>
<arg>datarow=1</arg>
<arg>sheetName=Sheet1</arg>
</arguments>
<kw name="Register User" library="RegistrationKeywords">
<arguments>
<arg>OrderedDict([('rowid', '1'), ('URL', 'http://www.newtours.demoaut.com/'), ('Browser', 'chrome'), ('FirstName', 'Sounak'), ('LastName', 'S'), ('Phone', '9999999999'), ('Email', 'sounak95@gmail.com'), ('Address1', 'abc1'), ('Address2', 'ads2'), ('City', 'Kolkata'), ('State', 'West Bengal'), ('PostCode', '700067'), ('Country', 'INDIA'), ('Username', 'sounak95'), ('Password', 'test123')])</arg>
</arguments>
<kw name="Enter FirstName" library="RegistrationKeywords">
<arguments>
<arg>&amp;{Alldata1}[FirstName]</arg>
</arguments>
<kw name="Input Text" library="SeleniumLibrary">
<doc>Types the given ``text`` into the text field identified by ``locator``.</doc>
<arguments>
<arg>${txt_firstName}</arg>
<arg>${firstName}</arg>
</arguments>
<msg timestamp="20191220 01:41:05.944" level="INFO">Typing text 'Sounak' into text field 'name:firstName'.</msg>
<status status="PASS" starttime="20191220 01:41:05.944" endtime="20191220 01:41:05.980"></status>
</kw>
<status status="PASS" starttime="20191220 01:41:05.943" endtime="20191220 01:41:05.981"></status>
</kw>
<kw name="Enter LastName" library="RegistrationKeywords">
<arguments>
<arg>&amp;{Alldata1}[LastName]</arg>
</arguments>
<kw name="Input Text" library="SeleniumLibrary">
<doc>Types the given ``text`` into the text field identified by ``locator``.</doc>
<arguments>
<arg>${txt_lastName}</arg>
<arg>${lastName}</arg>
</arguments>
<msg timestamp="20191220 01:41:05.983" level="INFO">Typing text 'S' into text field 'name:lastName'.</msg>
<status status="PASS" starttime="20191220 01:41:05.983" endtime="20191220 01:41:06.008"></status>
</kw>
<status status="PASS" starttime="20191220 01:41:05.982" endtime="20191220 01:41:06.008"></status>
</kw>
<kw name="Enter Phone" library="RegistrationKeywords">
<arguments>
<arg>&amp;{Alldata1}[Phone]</arg>
</arguments>
<kw name="Run Keyword And Return Status" library="BuiltIn">
<doc>Runs the given keyword with given arguments and returns the status as a Boolean value.</doc>
<arguments>
<arg>Page Should Contain Element</arg>
<arg>${txt_phone}</arg>
</arguments>
<assign>
<var>${result}</var>
</assign>
<kw name="Page Should Contain Element" library="SeleniumLibrary">
<doc>Verifies that element ``locator`` is found on the current page.</doc>
<arguments>
<arg>${txt_phone}</arg>
</arguments>
<msg timestamp="20191220 01:41:06.018" level="INFO">Current page contains element 'name:phone'.</msg>
<status status="PASS" starttime="20191220 01:41:06.010" endtime="20191220 01:41:06.018"></status>
</kw>
<msg timestamp="20191220 01:41:06.019" level="INFO">${result} = True</msg>
<status status="PASS" starttime="20191220 01:41:06.010" endtime="20191220 01:41:06.019"></status>
</kw>
<kw name="Run Keyword If" library="BuiltIn">
<doc>Runs the given keyword with the given arguments, if ``condition`` is true.</doc>
<arguments>
<arg>'${result}'=='True'</arg>
<arg>Input Text</arg>
<arg>${txt_phone}</arg>
<arg>${phone}</arg>
</arguments>
<kw name="Input Text" library="SeleniumLibrary">
<doc>Types the given ``text`` into the text field identified by ``locator``.</doc>
<arguments>
<arg>${txt_phone}</arg>
<arg>${phone}</arg>
</arguments>
<msg timestamp="20191220 01:41:06.021" level="INFO">Typing text '9999999999' into text field 'name:phone'.</msg>
<status status="PASS" starttime="20191220 01:41:06.020" endtime="20191220 01:41:06.049"></status>
</kw>
<status status="PASS" starttime="20191220 01:41:06.020" endtime="20191220 01:41:06.050"></status>
</kw>
<kw name="Get Value" library="SeleniumLibrary">
<doc>Returns the value attribute of the element identified by ``locator``.</doc>
<arguments>
<arg>${txt_phone}</arg>
</arguments>
<assign>
<var>${val}</var>
</assign>
<msg timestamp="20191220 01:41:06.066" level="INFO">${val} = 9999999999</msg>
<status status="PASS" starttime="20191220 01:41:06.051" endtime="20191220 01:41:06.066"></status>
</kw>
<kw name="Log" library="BuiltIn">
<doc>Logs the given message with the given level.</doc>
<arguments>
<arg>${val}</arg>
</arguments>
<msg timestamp="20191220 01:41:06.068" level="INFO">9999999999</msg>
<status status="PASS" starttime="20191220 01:41:06.067" endtime="20191220 01:41:06.068"></status>
</kw>
<kw name="Should Be Equal As Strings" library="BuiltIn">
<doc>Fails if objects are unequal after converting them to strings.</doc>
<arguments>
<arg>${phone}</arg>
<arg>${val}</arg>
</arguments>
<status status="PASS" starttime="20191220 01:41:06.069" endtime="20191220 01:41:06.069"></status>
</kw>
<status status="PASS" starttime="20191220 01:41:06.009" endtime="20191220 01:41:06.069"></status>
</kw>
<kw name="Enter Email" library="RegistrationKeywords">
<arguments>
<arg>&amp;{Alldata1}[Email]</arg>
</arguments>
<kw name="Input Text" library="SeleniumLibrary">
<doc>Types the given ``text`` into the text field identified by ``locator``.</doc>
<arguments>
<arg>${txt_email}</arg>
<arg>${email}</arg>
</arguments>
<msg timestamp="20191220 01:41:06.071" level="INFO">Typing text 'sounak95@gmail.com' into text field 'name:userName'.</msg>
<status status="PASS" starttime="20191220 01:41:06.071" endtime="20191220 01:41:06.099"></status>
</kw>
<status status="PASS" starttime="20191220 01:41:06.070" endtime="20191220 01:41:06.099"></status>
</kw>
<kw name="Enter Address1" library="RegistrationKeywords">
<arguments>
<arg>&amp;{Alldata1}[Address1]</arg>
</arguments>
<kw name="Input Text" library="SeleniumLibrary">
<doc>Types the given ``text`` into the text field identified by ``locator``.</doc>
<arguments>
<arg>${txt_add1}</arg>
<arg>${address1}</arg>
</arguments>
<msg timestamp="20191220 01:41:06.101" level="INFO">Typing text 'abc1' into text field 'name:address1'.</msg>
<status status="PASS" starttime="20191220 01:41:06.101" endtime="20191220 01:41:06.123"></status>
</kw>
<status status="PASS" starttime="20191220 01:41:06.100" endtime="20191220 01:41:06.123"></status>
</kw>
<kw name="Enter Address2" library="RegistrationKeywords">
<arguments>
<arg>&amp;{Alldata1}[Address2]</arg>
</arguments>
<kw name="Input Text" library="SeleniumLibrary">
<doc>Types the given ``text`` into the text field identified by ``locator``.</doc>
<arguments>
<arg>${txt_add2}</arg>
<arg>${address2}</arg>
</arguments>
<msg timestamp="20191220 01:41:06.125" level="INFO">Typing text 'ads2' into text field 'name:address2'.</msg>
<status status="PASS" starttime="20191220 01:41:06.125" endtime="20191220 01:41:06.145"></status>
</kw>
<status status="PASS" starttime="20191220 01:41:06.124" endtime="20191220 01:41:06.145"></status>
</kw>
<kw name="Enter City" library="RegistrationKeywords">
<arguments>
<arg>&amp;{Alldata1}[City]</arg>
</arguments>
<kw name="Run Keyword And Return Status" library="BuiltIn">
<doc>Runs the given keyword with given arguments and returns the status as a Boolean value.</doc>
<arguments>
<arg>Element Should Be Visible</arg>
<arg>${txt_phone}</arg>
</arguments>
<assign>
<var>${result}</var>
</assign>
<kw name="Element Should Be Visible" library="SeleniumLibrary">
<doc>Verifies that the element identified by ``locator`` is visible.</doc>
<arguments>
<arg>${txt_phone}</arg>
</arguments>
<msg timestamp="20191220 01:41:06.164" level="INFO">Element 'name:phone' is displayed.</msg>
<status status="PASS" starttime="20191220 01:41:06.148" endtime="20191220 01:41:06.165"></status>
</kw>
<msg timestamp="20191220 01:41:06.165" level="INFO">${result} = True</msg>
<status status="PASS" starttime="20191220 01:41:06.148" endtime="20191220 01:41:06.165"></status>
</kw>
<kw name="Run Keyword If" library="BuiltIn">
<doc>Runs the given keyword with the given arguments, if ``condition`` is true.</doc>
<arguments>
<arg>'${result}'=='True'</arg>
<arg>Input Text</arg>
<arg>${txt_city}</arg>
<arg>${city}</arg>
</arguments>
<kw name="Input Text" library="SeleniumLibrary">
<doc>Types the given ``text`` into the text field identified by ``locator``.</doc>
<arguments>
<arg>${txt_city}</arg>
<arg>${city}</arg>
</arguments>
<msg timestamp="20191220 01:41:06.166" level="INFO">Typing text 'Kolkata' into text field 'name:city'.</msg>
<status status="PASS" starttime="20191220 01:41:06.166" endtime="20191220 01:41:06.191"></status>
</kw>
<status status="PASS" starttime="20191220 01:41:06.166" endtime="20191220 01:41:06.191"></status>
</kw>
<kw name="Get Element Attribute" library="SeleniumLibrary">
<doc>Returns the value of ``attribute`` from the element ``locator``.</doc>
<arguments>
<arg>${txt_city}</arg>
<arg>name</arg>
</arguments>
<assign>
<var>${val}</var>
</assign>
<msg timestamp="20191220 01:41:06.206" level="INFO">${val} = city</msg>
<status status="PASS" starttime="20191220 01:41:06.192" endtime="20191220 01:41:06.206"></status>
</kw>
<status status="PASS" starttime="20191220 01:41:06.146" endtime="20191220 01:41:06.206"></status>
</kw>
<kw name="Enter State" library="RegistrationKeywords">
<arguments>
<arg>&amp;{Alldata1}[State]</arg>
</arguments>
<kw name="Input Text" library="SeleniumLibrary">
<doc>Types the given ``text`` into the text field identified by ``locator``.</doc>
<arguments>
<arg>${txt_state}</arg>
<arg>${state}</arg>
</arguments>
<msg timestamp="20191220 01:41:06.209" level="INFO">Typing text 'West Bengal' into text field 'name:state'.</msg>
<status status="PASS" starttime="20191220 01:41:06.208" endtime="20191220 01:41:06.234"></status>
</kw>
<status status="PASS" starttime="20191220 01:41:06.207" endtime="20191220 01:41:06.235"></status>
</kw>
<kw name="Enter Postcode" library="RegistrationKeywords">
<arguments>
<arg>&amp;{Alldata1}[PostCode]</arg>
</arguments>
<kw name="Input Text" library="SeleniumLibrary">
<doc>Types the given ``text`` into the text field identified by ``locator``.</doc>
<arguments>
<arg>${txt_postCode}</arg>
<arg>${Postcode}</arg>
</arguments>
<msg timestamp="20191220 01:41:06.237" level="INFO">Typing text '700067' into text field 'name:postalCode'.</msg>
<status status="PASS" starttime="20191220 01:41:06.237" endtime="20191220 01:41:06.261"></status>
</kw>
<status status="PASS" starttime="20191220 01:41:06.236" endtime="20191220 01:41:06.262"></status>
</kw>
<kw name="Select Country" library="RegistrationKeywords">
<arguments>
<arg>&amp;{Alldata1}[Country]</arg>
</arguments>
<kw name="Select From List By Label" library="SeleniumLibrary">
<doc>Selects options from selection list ``locator`` by ``labels``.</doc>
<arguments>
<arg>${drp_country}</arg>
<arg>${country}</arg>
</arguments>
<msg timestamp="20191220 01:41:06.265" level="INFO">Selecting options from selection list 'name:country' by label INDIA.</msg>
<status status="PASS" starttime="20191220 01:41:06.264" endtime="20191220 01:41:06.518"></status>
</kw>
<kw name="Get Selected List Label" library="SeleniumLibrary">
<doc>Returns the label of selected option from selection list ``locator``.</doc>
<arguments>
<arg>${drp_country}</arg>
</arguments>
<assign>
<var>${val}</var>
</assign>
<msg timestamp="20191220 01:41:07.176" level="INFO">${val} = INDIA</msg>
<status status="PASS" starttime="20191220 01:41:06.521" endtime="20191220 01:41:07.177"></status>
</kw>
<kw name="Log" library="BuiltIn">
<doc>Logs the given message with the given level.</doc>
<arguments>
<arg>${val}</arg>
</arguments>
<msg timestamp="20191220 01:41:07.178" level="INFO">INDIA</msg>
<status status="PASS" starttime="20191220 01:41:07.178" endtime="20191220 01:41:07.178"></status>
</kw>
<kw name="Get List Items" library="SeleniumLibrary">
<doc>Returns all labels or values of selection list ``locator``.</doc>
<arguments>
<arg>${drp_country}</arg>
</arguments>
<assign>
<var>${val}</var>
</assign>
<msg timestamp="20191220 01:41:08.698" level="INFO">${val} = ['ALBANIA', 'ALGERIA', 'AMERICAN SAMOA', 'ANDORRA', 'ANGOLA', 'ANGUILLA', 'ANTARCTICA', 'ANTIGUA AND BARBUDA', 'ARGENTINA', 'ARMENIA', 'ARUBA', 'ASHMORE AND CARTIER ISLANDS', 'AUSTRALIA', 'AUSTRIA', '...</msg>
<status status="PASS" starttime="20191220 01:41:07.179" endtime="20191220 01:41:08.698"></status>
</kw>
<kw name="Log" library="BuiltIn">
<doc>Logs the given message with the given level.</doc>
<arguments>
<arg>${val}</arg>
</arguments>
<msg timestamp="20191220 01:41:08.701" level="INFO">['ALBANIA', 'ALGERIA', 'AMERICAN SAMOA', 'ANDORRA', 'ANGOLA', 'ANGUILLA', 'ANTARCTICA', 'ANTIGUA AND BARBUDA', 'ARGENTINA', 'ARMENIA', 'ARUBA', 'ASHMORE AND CARTIER ISLANDS', 'AUSTRALIA', 'AUSTRIA', 'AZERBAIJAN', 'BAHAMAS', 'BAHRAIN', 'BAKER ISLAND', 'BANGLADESH', 'BARBADOS', 'BASSA DE INDIA', 'BELARUS', 'BELGIUM', 'BELIZE', 'BENIN', 'BERMUDA', 'BHUTAN', 'BOLIVIA', 'BOSNIA AND HERZEGOVINA', 'BOTSWANA', 'BOUVET ISLAND', 'BRAZIL', 'BRITISH INDIAN OCEAN TERRITORY', 'BRITISH VIRGIN ISLANDS', 'BRUNEI', 'BULGARIA', 'BURKINA FASO', 'BURMA', 'BURUNDI', 'CAMBODIA', 'CAMEROON', 'CANADA', 'CAPE VERDE', 'CAYMAN ISLANDS', 'CENTRAL AFRICAN REPUBLIC', 'CHAD', 'CHILE', 'CHINA', 'CHRISTMAS ISLAND', 'CLIPPERTON ISLAND', 'COCOS (KEELING) ISLANDS', 'COLOMBIA', 'COMOROS', 'CONGO', 'COOK ISLANDS', 'CORAL SEA ISLANDS', 'COSTA RICA', "COTE D'IVOIRE", 'CROATIA', 'CUBA', 'CYPRUS', 'CZECH REPUBLIC', 'DENMARK', 'DJIBOUTI', 'DOMINICA', 'DOMINICAN REPUBLIC', 'ECUADOR', 'EGYPT', 'EL SALVADOR', 'EQUATORIAL GUINEA', 'ERITREA', 'ESTONIA', 'ETHIOPIA', 'EUROPA ISLAND', 'FALKLAND ISLANDS', 'FAROE ISLANDS', 'FIJI', 'FINLAND', 'FRANCE', 'FRENCH GUIANA', 'FRENCH POLYNESIA', 'FRENCH SOUTHERN AND ANTARCTIC LANDS', 'GABON', 'GAMBIA, THE', 'GAZA STRIP', 'GEORGIA', 'GERMANY', 'GHANA', 'GIBRALTAR', 'GLORIOSO ISLANDS', 'GREECE', 'GREENLAND', 'GRENADA', 'GUADELOUPE', 'GUAM', 'GUATEMALA', 'GUERNSEY', 'GUINEA', 'GUINEA-BISSAU', 'GUYANA', 'HAITI', 'HEARD ISLAND AND MCDONALD ISLANDS', 'HONDURAS', 'HONG KONG', 'HOWLAND ISLAND', 'HUNGARY', 'ICELAND', 'INDIA', 'INDONESIA', 'IRAN', 'IRAQ', 'IRELAND', 'ISRAEL', 'ITALY', 'JAMAICA', 'JAN MAYEN', 'JAPAN', 'JARVIS ISLAND', 'JERSEY', 'JOHNSTON ATOLL', 'JORDAN', 'JUAN DE NOVA ISLAND', 'KAZAKHSTAN', 'KENYA', 'KINGMAN REEF', 'KIRIBATI', "KOREA, DEMOCRATIC PEOPLE'S REPUBLIC OF", 'KOREA, REPUBLIC OF', 'KUWAIT', 'KYRGYZSTAN', 'LAOS', 'LATVIA', 'LEBANON', 'LESOTHO', 'LIBERIA', 'LIBYA', 'LIECHTENSTEIN', 'LITHUANIA', 'LUXEMBOURG', 'MACAU', 'MACEDONIA, FORMER REPUBLIC OF', 'MADAGASCAR', 'MALAWI', 'MALAYSIA', 'MALDIVES', 'MALI', 'MALTA', 'MAN, ISLE OF', 'MARSHALL ISLANDS', 'MARTINIQUE', 'MAURITANIA', 'MAURITIUS', 'MAYOTTE', 'MEXICO', 'MICRONESIA', 'MIDWAY ISLANDS', 'MOLDOVA', 'MONACO', 'MONGOLIA', 'MONTENEGRO', 'MONTSERRAT', 'MOROCCO', 'MOZAMBIQUE', 'NAMIBIA', 'NAURU', 'NAVASSA ISLAND', 'NEPAL', 'NETHERLANDS', 'NETHERLANDS ANTILLES', 'NEW CALEDONIA', 'NEW ZEALAND', 'NICARAGUA', 'NIGER', 'NIGERIA', 'NIUE', 'NO MANS LAND', 'NORFOLK ISLAND', 'NORTHERN MARIANA ISLANDS', 'NORWAY', 'OCEANS', 'OMAN', 'PAKISTAN', 'PALMYRA ATOLL', 'PANAMA', 'PAPUA NEW GUINEA', 'PARACEL ISLANDS', 'PARAGUAY', 'PERU', 'PHILIPPINES', 'PITCAIRN ISLANDS', 'POLAND', 'PORTUGAL', 'PUERTO RICO', 'QATAR', 'REUNION', 'ROMANIA', 'RUSSIA', 'RWANDA', 'SAN MARINO', 'SAO TOME AND PRINCIPE', 'SAUDI ARABIA', 'SENEGAL', 'SERBIA', 'SEYCHELLES', 'SIERRA LEONE', 'SINGAPORE', 'SLOVAKIA', 'SLOVENIA', 'SOLOMON ISLANDS', 'SOMALIA', 'SOUTH AFRICA', 'SOVIET UNION', 'SPAIN', 'SPRATLY ISLANDS', 'SRI LANKA', 'ST. HELENA', 'ST. KITTS AND NEVIS', 'ST. LUCIA', 'ST. PIERRE AND MIQUELON', 'ST. VINCENT AND THE GRENADINES', 'SUDAN', 'SURINAME', 'SVALBARD', 'SWAZILAND', 'SWEDEN', 'SWITZERLAND', 'SYRIA', 'TAIWAN', 'TAJIKISTAN', 'TANZANIA, UNITED REPUBLIC OF', 'THAILAND', 'TOGO', 'TOKELAU', 'TONGA', 'TRINIDAD AND TOBAGO', 'TROMELIN ISLAND', 'TUNISIA', 'TURKEY', 'TURKMENISTAN', 'TURKS AND CAICOS ISLANDS', 'TUVALU', 'UGANDA', 'UKRAINE', 'UNDERSEA FEATURES', 'UNITED ARAB EMIRATES', 'UNITED KINGDOM', 'UNITED STATES', 'URUGUAY', 'UZBEKISTAN', 'VANUATU', 'VATICAN CITY', 'VENEZUELA', 'VIETNAM', 'VIRGIN ISLANDS', 'WAKE ISLAND', 'WALLIS AND FUTUNA', 'WEST BANK', 'WESTERN SAHARA', 'WESTERN SAMOA', 'YEMEN', 'YUGOSLAVIA', 'ZAIRE', 'ZAMBIA', 'ZIMBABWE']</msg>
<status status="PASS" starttime="20191220 01:41:08.700" endtime="20191220 01:41:08.701"></status>
</kw>
<status status="PASS" starttime="20191220 01:41:06.263" endtime="20191220 01:41:08.702"></status>
</kw>
<kw name="Enter user" library="RegistrationKeywords">
<arguments>
<arg>&amp;{Alldata1}[Username]</arg>
</arguments>
<kw name="Input Text" library="SeleniumLibrary">
<doc>Types the given ``text`` into the text field identified by ``locator``.</doc>
<arguments>
<arg>${txt_userName}</arg>
<arg>${username}</arg>
</arguments>
<msg timestamp="20191220 01:41:08.707" level="INFO">Typing text 'sounak95' into text field 'name:email'.</msg>
<status status="PASS" starttime="20191220 01:41:08.706" endtime="20191220 01:41:08.729"></status>
</kw>
<status status="PASS" starttime="20191220 01:41:08.704" endtime="20191220 01:41:08.729"></status>
</kw>
<kw name="Enter pass" library="RegistrationKeywords">
<arguments>
<arg>&amp;{Alldata1}[Password]</arg>
</arguments>
<kw name="Input Password" library="SeleniumLibrary">
<doc>Types the given password into the text field identified by ``locator``.</doc>
<arguments>
<arg>${txt_password}</arg>
<arg>${password}</arg>
</arguments>
<msg timestamp="20191220 01:41:08.731" level="INFO">Typing password into text field 'name:password'.</msg>
<status status="PASS" starttime="20191220 01:41:08.731" endtime="20191220 01:41:08.753"></status>
</kw>
<status status="PASS" starttime="20191220 01:41:08.730" endtime="20191220 01:41:08.753"></status>
</kw>
<kw name="Enter Confirmed password" library="RegistrationKeywords">
<arguments>
<arg>&amp;{Alldata1}[Password]</arg>
</arguments>
<kw name="Input Password" library="SeleniumLibrary">
<doc>Types the given password into the text field identified by ``locator``.</doc>
<arguments>
<arg>${txt_conformedPassword}</arg>
<arg>${confpassword}</arg>
</arguments>
<msg timestamp="20191220 01:41:08.755" level="INFO">Typing password into text field 'name:confirmPassword'.</msg>
<status status="PASS" starttime="20191220 01:41:08.755" endtime="20191220 01:41:08.773"></status>
</kw>
<status status="PASS" starttime="20191220 01:41:08.754" endtime="20191220 01:41:08.774"></status>
</kw>
<kw name="Click Submit" library="RegistrationKeywords">
<kw name="Click Button" library="SeleniumLibrary">
<doc>Clicks the button identified by ``locator``.</doc>
<arguments>
<arg>${btn_submit}</arg>
</arguments>
<msg timestamp="20191220 01:41:08.776" level="INFO">Clicking button 'xpath://input[@name='register']'.</msg>
<status status="PASS" starttime="20191220 01:41:08.775" endtime="20191220 01:41:10.867"></status>
</kw>
<status status="PASS" starttime="20191220 01:41:08.775" endtime="20191220 01:41:10.869"></status>
</kw>
<status status="PASS" starttime="20191220 01:41:05.942" endtime="20191220 01:41:10.870"></status>
</kw>
<msg timestamp="20191220 01:41:10.871" level="INFO">Mx Execute Template With Multiple Data keyword passed for all the data</msg>
<status status="PASS" starttime="20191220 01:41:05.919" endtime="20191220 01:41:10.872"></status>
</kw>
<kw name="Then Close Session" library="RegistrationKeywords">
<kw name="Close All Browsers" library="SeleniumLibrary">
<doc>Closes all open browsers and resets the browser cache.</doc>
<status status="PASS" starttime="20191220 01:41:10.880" endtime="20191220 01:41:12.199"></status>
</kw>
<status status="PASS" starttime="20191220 01:41:10.876" endtime="20191220 01:41:12.199"></status>
</kw>
<status status="PASS" starttime="20191220 01:40:54.476" endtime="20191220 01:41:12.199" critical="yes"></status>
</test>
<doc>Registering in the application

</doc>
<status status="PASS" starttime="20191220 01:40:53.143" endtime="20191220 01:41:12.202"></status>
</suite>
<status status="PASS" starttime="20191220 01:40:53.142" endtime="20191220 01:41:12.203"></status>
</suite>
<status status="PASS" starttime="20191220 01:40:53.091" endtime="20191220 01:41:12.203"></status>
</suite>
<statistics>
<total>
<stat pass="1" fail="0">Critical Tests</stat>
<stat pass="1" fail="0">All Tests</stat>
</total>
<tag>
</tag>
<suite>
<stat pass="1" fail="0" id="s1" name="TrainingPOM">TrainingPOM</stat>
<stat pass="1" fail="0" id="s1-s1" name="TestCases">TrainingPOM.TestCases</stat>
<stat pass="1" fail="0" id="s1-s1-s1" name="RegistrationBDD">TrainingPOM.TestCases.RegistrationBDD</stat>
</suite>
</statistics>
<errors>
</errors>
</robot>
