<?xml version="1.0" encoding="UTF-8"?>
<robot generator="Rebot 3.1.2.1 (Python 3.7.2 on win32)" generated="20191220 00:52:11.330" rpa="false">
<suite id="s1" name="TestCases" source="D:\workspace1\TrainingPOM\TestCases">
<suite id="s1-s1" name="LoginTest" source="D:\workspace1\TrainingPOM\TestCases\LoginTest.robot">
<test id="s1-s1-t1" name="LoginTest">
<kw name="Open my browser" library="LoginKeywords" type="setup">
<arguments>
<arg>${url}</arg>
<arg>${browser}</arg>
</arguments>
<kw name="Open Browser" library="SeleniumLibrary">
<doc>Opens a new browser instance to the optional ``url``.</doc>
<arguments>
<arg>${SiteUrl}</arg>
<arg>${Browser}</arg>
</arguments>
<msg timestamp="20191220 00:51:33.118" level="INFO">Opening browser 'firefox' to base url 'http://newtours.demoaut.com'.</msg>
<msg timestamp="20191220 00:51:33.118" level="INFO">Firefox driver log is always forced to to: D:\workspace1\TrainingPOM\PabotResults\pabot_results\TestCases.LoginTest\geckodriver-1.log</msg>
<status status="PASS" starttime="20191220 00:51:33.118" endtime="20191220 00:51:44.751"></status>
</kw>
<kw name="Maximize Browser Window" library="SeleniumLibrary">
<doc>Maximizes current browser window.</doc>
<status status="PASS" starttime="20191220 00:51:44.753" endtime="20191220 00:51:45.022"></status>
</kw>
<status status="PASS" starttime="20191220 00:51:33.118" endtime="20191220 00:51:45.022"></status>
</kw>
<kw name="Enter UserName" library="LoginKeywords">
<arguments>
<arg>${user}</arg>
</arguments>
<kw name="Input Text" library="SeleniumLibrary">
<doc>Types the given ``text`` into the text field identified by ``locator``.</doc>
<arguments>
<arg>${txt_loginUserName}</arg>
<arg>${username}</arg>
</arguments>
<msg timestamp="20191220 00:51:45.023" level="INFO">Typing text 'tutorial' into text field 'name:userName'.</msg>
<status status="PASS" starttime="20191220 00:51:45.023" endtime="20191220 00:51:45.067"></status>
</kw>
<status status="PASS" starttime="20191220 00:51:45.022" endtime="20191220 00:51:45.067"></status>
</kw>
<kw name="Enter Password" library="LoginKeywords">
<arguments>
<arg>${password}</arg>
</arguments>
<kw name="Input Text" library="SeleniumLibrary">
<doc>Types the given ``text`` into the text field identified by ``locator``.</doc>
<arguments>
<arg>${txt_loginPassword}</arg>
<arg>${Password}</arg>
</arguments>
<msg timestamp="20191220 00:51:45.072" level="INFO">Typing text 'tutorial' into text field 'name:password'.</msg>
<status status="PASS" starttime="20191220 00:51:45.071" endtime="20191220 00:51:45.120"></status>
</kw>
<status status="PASS" starttime="20191220 00:51:45.068" endtime="20191220 00:51:45.121"></status>
</kw>
<kw name="Click SignIn" library="LoginKeywords">
<kw name="Click Button" library="SeleniumLibrary">
<doc>Clicks the button identified by ``locator``.</doc>
<arguments>
<arg>${btn_signIn}</arg>
</arguments>
<msg timestamp="20191220 00:51:45.126" level="INFO">Clicking button 'xpath://input[@name='login']'.</msg>
<status status="PASS" starttime="20191220 00:51:45.126" endtime="20191220 00:51:50.634"></status>
</kw>
<status status="PASS" starttime="20191220 00:51:45.123" endtime="20191220 00:51:50.634"></status>
</kw>
<kw name="Sleep" library="BuiltIn">
<doc>Pauses the test executed for the given time.</doc>
<arguments>
<arg>3</arg>
</arguments>
<msg timestamp="20191220 00:51:53.636" level="INFO">Slept 3 seconds</msg>
<status status="PASS" starttime="20191220 00:51:50.635" endtime="20191220 00:51:53.636"></status>
</kw>
<kw name="Verify Successful login" library="LoginKeywords">
<kw name="Wait Until Page Contains" library="SeleniumLibrary">
<doc>Waits until ``text`` appears on the current page.</doc>
<arguments>
<arg>Passengers:</arg>
<arg>60s</arg>
</arguments>
<status status="PASS" starttime="20191220 00:51:53.637" endtime="20191220 00:51:53.651"></status>
</kw>
<kw name="Title Should Be" library="SeleniumLibrary">
<doc>Verifies that the current page title equals ``title``.</doc>
<arguments>
<arg>Find a Flight: Mercury Tours:</arg>
</arguments>
<msg timestamp="20191220 00:51:53.656" level="INFO">Page title is 'Find a Flight: Mercury Tours:'.</msg>
<status status="PASS" starttime="20191220 00:51:53.652" endtime="20191220 00:51:53.656"></status>
</kw>
<status status="PASS" starttime="20191220 00:51:53.636" endtime="20191220 00:51:53.656"></status>
</kw>
<kw name="Close All Browsers" library="SeleniumLibrary" type="teardown">
<doc>Closes all open browsers and resets the browser cache.</doc>
<status status="PASS" starttime="20191220 00:51:53.656" endtime="20191220 00:51:54.949"></status>
</kw>
<status status="PASS" starttime="20191220 00:51:33.118" endtime="20191220 00:51:54.949" critical="yes"></status>
</test>
<status status="PASS" starttime="20191220 00:51:32.048" endtime="20191220 00:51:54.949"></status>
</suite>
<suite id="s1-s2" name="RegistrationDataDriven" source="D:\workspace1\TrainingPOM\TestCases\RegistrationDataDriven.robot">
<test id="s1-s2-t1" name="TC1">
<kw name="Execute Keyword With Multiple Data" library="GenericLib">
<doc>| Usage |
 This keyword is used to run template with multiple data.</doc>
<arguments>
<arg>Register User</arg>
<arg>${Registration_data_file}</arg>
<arg>sheetName=Sheet1</arg>
</arguments>
<kw name="Register User" library="RegistrationKeywords">
<arguments>
<arg>OrderedDict([('rowid', '1'), ('URL', 'http://www.newtours.demoaut.com/'), ('Browser', 'chrome'), ('FirstName', 'Sounak'), ('LastName', 'S'), ('Phone', '9999999999'), ('Email', 'sounak95@gmail.com'), ('Address1', 'abc1'), ('Address2', 'ads2'), ('City', 'Kolkata'), ('State', 'West Bengal'), ('PostCode', '700067'), ('Country', 'INDIA'), ('Username', 'sounak95'), ('Password', 'test123')])</arg>
</arguments>
<kw name="Open Browser" library="SeleniumLibrary">
<doc>Opens a new browser instance to the optional ``url``.</doc>
<arguments>
<arg>&amp;{Alldata1}[URL]</arg>
<arg>&amp;{Alldata1}[Browser]</arg>
</arguments>
<msg timestamp="20191220 00:51:33.170" level="INFO">Opening browser 'chrome' to base url 'http://www.newtours.demoaut.com/'.</msg>
<status status="PASS" starttime="20191220 00:51:33.169" endtime="20191220 00:51:38.877"></status>
</kw>
<kw name="Click Register Link" library="RegistrationKeywords">
<kw name="Click Link" library="SeleniumLibrary">
<doc>Clicks a link identified by ``locator``.</doc>
<arguments>
<arg>${link_Reg}</arg>
</arguments>
<msg timestamp="20191220 00:51:38.880" level="INFO">Clicking link 'link:REGISTER'.</msg>
<status status="PASS" starttime="20191220 00:51:38.880" endtime="20191220 00:51:39.868"></status>
</kw>
<status status="PASS" starttime="20191220 00:51:38.879" endtime="20191220 00:51:39.868"></status>
</kw>
<kw name="Enter FirstName" library="RegistrationKeywords">
<arguments>
<arg>&amp;{Alldata1}[FirstName]</arg>
</arguments>
<kw name="Input Text" library="SeleniumLibrary">
<doc>Types the given ``text`` into the text field identified by ``locator``.</doc>
<arguments>
<arg>${txt_firstName}</arg>
<arg>${firstName}</arg>
</arguments>
<msg timestamp="20191220 00:51:39.871" level="INFO">Typing text 'Sounak' into text field 'name:firstName'.</msg>
<status status="PASS" starttime="20191220 00:51:39.871" endtime="20191220 00:51:40.235"></status>
</kw>
<status status="PASS" starttime="20191220 00:51:39.869" endtime="20191220 00:51:40.235"></status>
</kw>
<kw name="Enter LastName" library="RegistrationKeywords">
<arguments>
<arg>&amp;{Alldata1}[LastName]</arg>
</arguments>
<kw name="Input Text" library="SeleniumLibrary">
<doc>Types the given ``text`` into the text field identified by ``locator``.</doc>
<arguments>
<arg>${txt_lastName}</arg>
<arg>${lastName}</arg>
</arguments>
<msg timestamp="20191220 00:51:40.239" level="INFO">Typing text 'S' into text field 'name:lastName'.</msg>
<status status="PASS" starttime="20191220 00:51:40.239" endtime="20191220 00:51:40.370"></status>
</kw>
<status status="PASS" starttime="20191220 00:51:40.236" endtime="20191220 00:51:40.371"></status>
</kw>
<kw name="Enter Phone" library="RegistrationKeywords">
<arguments>
<arg>&amp;{Alldata1}[Phone]</arg>
</arguments>
<kw name="Run Keyword And Return Status" library="BuiltIn">
<doc>Runs the given keyword with given arguments and returns the status as a Boolean value.</doc>
<arguments>
<arg>Page Should Contain Element</arg>
<arg>${txt_phone}</arg>
</arguments>
<assign>
<var>${result}</var>
</assign>
<kw name="Page Should Contain Element" library="SeleniumLibrary">
<doc>Verifies that element ``locator`` is found on the current page.</doc>
<arguments>
<arg>${txt_phone}</arg>
</arguments>
<msg timestamp="20191220 00:51:40.406" level="INFO">Current page contains element 'name:phone'.</msg>
<status status="PASS" starttime="20191220 00:51:40.374" endtime="20191220 00:51:40.406"></status>
</kw>
<msg timestamp="20191220 00:51:40.407" level="INFO">${result} = True</msg>
<status status="PASS" starttime="20191220 00:51:40.374" endtime="20191220 00:51:40.407"></status>
</kw>
<kw name="Run Keyword If" library="BuiltIn">
<doc>Runs the given keyword with the given arguments, if ``condition`` is true.</doc>
<arguments>
<arg>'${result}'=='True'</arg>
<arg>Input Text</arg>
<arg>${txt_phone}</arg>
<arg>${phone}</arg>
</arguments>
<kw name="Input Text" library="SeleniumLibrary">
<doc>Types the given ``text`` into the text field identified by ``locator``.</doc>
<arguments>
<arg>${txt_phone}</arg>
<arg>${phone}</arg>
</arguments>
<msg timestamp="20191220 00:51:40.410" level="INFO">Typing text '9999999999' into text field 'name:phone'.</msg>
<status status="PASS" starttime="20191220 00:51:40.409" endtime="20191220 00:51:40.669"></status>
</kw>
<status status="PASS" starttime="20191220 00:51:40.409" endtime="20191220 00:51:40.669"></status>
</kw>
<kw name="Get Value" library="SeleniumLibrary">
<doc>Returns the value attribute of the element identified by ``locator``.</doc>
<arguments>
<arg>${txt_phone}</arg>
</arguments>
<assign>
<var>${val}</var>
</assign>
<msg timestamp="20191220 00:51:40.707" level="INFO">${val} = 9999999999</msg>
<status status="PASS" starttime="20191220 00:51:40.670" endtime="20191220 00:51:40.707"></status>
</kw>
<kw name="Log" library="BuiltIn">
<doc>Logs the given message with the given level.</doc>
<arguments>
<arg>${val}</arg>
</arguments>
<msg timestamp="20191220 00:51:40.709" level="INFO">9999999999</msg>
<status status="PASS" starttime="20191220 00:51:40.709" endtime="20191220 00:51:40.709"></status>
</kw>
<kw name="Should Be Equal As Strings" library="BuiltIn">
<doc>Fails if objects are unequal after converting them to strings.</doc>
<arguments>
<arg>${phone}</arg>
<arg>${val}</arg>
</arguments>
<status status="PASS" starttime="20191220 00:51:40.711" endtime="20191220 00:51:40.711"></status>
</kw>
<status status="PASS" starttime="20191220 00:51:40.372" endtime="20191220 00:51:40.712"></status>
</kw>
<kw name="Enter Email" library="RegistrationKeywords">
<arguments>
<arg>&amp;{Alldata1}[Email]</arg>
</arguments>
<kw name="Input Text" library="SeleniumLibrary">
<doc>Types the given ``text`` into the text field identified by ``locator``.</doc>
<arguments>
<arg>${txt_email}</arg>
<arg>${email}</arg>
</arguments>
<msg timestamp="20191220 00:51:40.716" level="INFO">Typing text 'sounak95@gmail.com' into text field 'name:userName'.</msg>
<status status="PASS" starttime="20191220 00:51:40.715" endtime="20191220 00:51:41.252"></status>
</kw>
<status status="PASS" starttime="20191220 00:51:40.713" endtime="20191220 00:51:41.252"></status>
</kw>
<kw name="Enter Address1" library="RegistrationKeywords">
<arguments>
<arg>&amp;{Alldata1}[Address1]</arg>
</arguments>
<kw name="Input Text" library="SeleniumLibrary">
<doc>Types the given ``text`` into the text field identified by ``locator``.</doc>
<arguments>
<arg>${txt_add1}</arg>
<arg>${address1}</arg>
</arguments>
<msg timestamp="20191220 00:51:41.256" level="INFO">Typing text 'abc1' into text field 'name:address1'.</msg>
<status status="PASS" starttime="20191220 00:51:41.256" endtime="20191220 00:51:41.519"></status>
</kw>
<status status="PASS" starttime="20191220 00:51:41.254" endtime="20191220 00:51:41.519"></status>
</kw>
<kw name="Enter Address2" library="RegistrationKeywords">
<arguments>
<arg>&amp;{Alldata1}[Address2]</arg>
</arguments>
<kw name="Input Text" library="SeleniumLibrary">
<doc>Types the given ``text`` into the text field identified by ``locator``.</doc>
<arguments>
<arg>${txt_add2}</arg>
<arg>${address2}</arg>
</arguments>
<msg timestamp="20191220 00:51:41.523" level="INFO">Typing text 'ads2' into text field 'name:address2'.</msg>
<status status="PASS" starttime="20191220 00:51:41.522" endtime="20191220 00:51:41.694"></status>
</kw>
<status status="PASS" starttime="20191220 00:51:41.520" endtime="20191220 00:51:41.695"></status>
</kw>
<kw name="Enter City" library="RegistrationKeywords">
<arguments>
<arg>&amp;{Alldata1}[City]</arg>
</arguments>
<kw name="Run Keyword And Return Status" library="BuiltIn">
<doc>Runs the given keyword with given arguments and returns the status as a Boolean value.</doc>
<arguments>
<arg>Element Should Be Visible</arg>
<arg>${txt_phone}</arg>
</arguments>
<assign>
<var>${result}</var>
</assign>
<kw name="Element Should Be Visible" library="SeleniumLibrary">
<doc>Verifies that the element identified by ``locator`` is visible.</doc>
<arguments>
<arg>${txt_phone}</arg>
</arguments>
<msg timestamp="20191220 00:51:41.754" level="INFO">Element 'name:phone' is displayed.</msg>
<status status="PASS" starttime="20191220 00:51:41.698" endtime="20191220 00:51:41.754"></status>
</kw>
<msg timestamp="20191220 00:51:41.754" level="INFO">${result} = True</msg>
<status status="PASS" starttime="20191220 00:51:41.698" endtime="20191220 00:51:41.754"></status>
</kw>
<kw name="Run Keyword If" library="BuiltIn">
<doc>Runs the given keyword with the given arguments, if ``condition`` is true.</doc>
<arguments>
<arg>'${result}'=='True'</arg>
<arg>Input Text</arg>
<arg>${txt_city}</arg>
<arg>${city}</arg>
</arguments>
<kw name="Input Text" library="SeleniumLibrary">
<doc>Types the given ``text`` into the text field identified by ``locator``.</doc>
<arguments>
<arg>${txt_city}</arg>
<arg>${city}</arg>
</arguments>
<msg timestamp="20191220 00:51:41.757" level="INFO">Typing text 'Kolkata' into text field 'name:city'.</msg>
<status status="PASS" starttime="20191220 00:51:41.756" endtime="20191220 00:51:41.939"></status>
</kw>
<status status="PASS" starttime="20191220 00:51:41.756" endtime="20191220 00:51:41.939"></status>
</kw>
<kw name="Get Element Attribute" library="SeleniumLibrary">
<doc>Returns the value of ``attribute`` from the element ``locator``.</doc>
<arguments>
<arg>${txt_city}</arg>
<arg>name</arg>
</arguments>
<assign>
<var>${val}</var>
</assign>
<msg timestamp="20191220 00:51:41.980" level="INFO">${val} = city</msg>
<status status="PASS" starttime="20191220 00:51:41.941" endtime="20191220 00:51:41.980"></status>
</kw>
<status status="PASS" starttime="20191220 00:51:41.696" endtime="20191220 00:51:41.980"></status>
</kw>
<kw name="Enter State" library="RegistrationKeywords">
<arguments>
<arg>&amp;{Alldata1}[State]</arg>
</arguments>
<kw name="Input Text" library="SeleniumLibrary">
<doc>Types the given ``text`` into the text field identified by ``locator``.</doc>
<arguments>
<arg>${txt_state}</arg>
<arg>${state}</arg>
</arguments>
<msg timestamp="20191220 00:51:41.984" level="INFO">Typing text 'West Bengal' into text field 'name:state'.</msg>
<status status="PASS" starttime="20191220 00:51:41.983" endtime="20191220 00:51:42.190"></status>
</kw>
<status status="PASS" starttime="20191220 00:51:41.981" endtime="20191220 00:51:42.190"></status>
</kw>
<kw name="Enter Postcode" library="RegistrationKeywords">
<arguments>
<arg>&amp;{Alldata1}[PostCode]</arg>
</arguments>
<kw name="Input Text" library="SeleniumLibrary">
<doc>Types the given ``text`` into the text field identified by ``locator``.</doc>
<arguments>
<arg>${txt_postCode}</arg>
<arg>${Postcode}</arg>
</arguments>
<msg timestamp="20191220 00:51:42.194" level="INFO">Typing text '700067' into text field 'name:postalCode'.</msg>
<status status="PASS" starttime="20191220 00:51:42.194" endtime="20191220 00:51:42.327"></status>
</kw>
<status status="PASS" starttime="20191220 00:51:42.191" endtime="20191220 00:51:42.328"></status>
</kw>
<kw name="Select Country" library="RegistrationKeywords">
<arguments>
<arg>&amp;{Alldata1}[Country]</arg>
</arguments>
<kw name="Select From List By Label" library="SeleniumLibrary">
<doc>Selects options from selection list ``locator`` by ``labels``.</doc>
<arguments>
<arg>${drp_country}</arg>
<arg>${country}</arg>
</arguments>
<msg timestamp="20191220 00:51:42.331" level="INFO">Selecting options from selection list 'name:country' by label INDIA.</msg>
<status status="PASS" starttime="20191220 00:51:42.330" endtime="20191220 00:51:42.499"></status>
</kw>
<kw name="Get Selected List Label" library="SeleniumLibrary">
<doc>Returns the label of selected option from selection list ``locator``.</doc>
<arguments>
<arg>${drp_country}</arg>
</arguments>
<assign>
<var>${val}</var>
</assign>
<msg timestamp="20191220 00:51:43.979" level="INFO">${val} = INDIA </msg>
<status status="PASS" starttime="20191220 00:51:42.501" endtime="20191220 00:51:43.979"></status>
</kw>
<kw name="Log" library="BuiltIn">
<doc>Logs the given message with the given level.</doc>
<arguments>
<arg>${val}</arg>
</arguments>
<msg timestamp="20191220 00:51:43.979" level="INFO">INDIA </msg>
<status status="PASS" starttime="20191220 00:51:43.979" endtime="20191220 00:51:43.979"></status>
</kw>
<kw name="Get List Items" library="SeleniumLibrary">
<doc>Returns all labels or values of selection list ``locator``.</doc>
<arguments>
<arg>${drp_country}</arg>
</arguments>
<assign>
<var>${val}</var>
</assign>
<msg timestamp="20191220 00:51:48.406" level="INFO">${val} = ['ALBANIA ', 'ALGERIA ', 'AMERICAN SAMOA ', 'ANDORRA ', 'ANGOLA ', 'ANGUILLA ', 'ANTARCTICA ', 'ANTIGUA AND BARBUDA ', 'ARGENTINA ', 'ARMENIA ', 'ARUBA ', 'ASHMORE AND CARTIER ISLANDS ', 'AUSTRALIA ',...</msg>
<status status="PASS" starttime="20191220 00:51:43.980" endtime="20191220 00:51:48.406"></status>
</kw>
<kw name="Log" library="BuiltIn">
<doc>Logs the given message with the given level.</doc>
<arguments>
<arg>${val}</arg>
</arguments>
<msg timestamp="20191220 00:51:48.407" level="INFO">['ALBANIA ', 'ALGERIA ', 'AMERICAN SAMOA ', 'ANDORRA ', 'ANGOLA ', 'ANGUILLA ', 'ANTARCTICA ', 'ANTIGUA AND BARBUDA ', 'ARGENTINA ', 'ARMENIA ', 'ARUBA ', 'ASHMORE AND CARTIER ISLANDS ', 'AUSTRALIA ', 'AUSTRIA ', 'AZERBAIJAN ', 'BAHAMAS ', 'BAHRAIN ', 'BAKER ISLAND ', 'BANGLADESH ', 'BARBADOS ', 'BASSA DE INDIA ', 'BELARUS ', 'BELGIUM ', 'BELIZE ', 'BENIN ', 'BERMUDA ', 'BHUTAN ', 'BOLIVIA ', 'BOSNIA AND HERZEGOVINA ', 'BOTSWANA ', 'BOUVET ISLAND ', 'BRAZIL ', 'BRITISH INDIAN OCEAN TERRITORY ', 'BRITISH VIRGIN ISLANDS ', 'BRUNEI ', 'BULGARIA ', 'BURKINA FASO ', 'BURMA ', 'BURUNDI ', 'CAMBODIA ', 'CAMEROON ', 'CANADA ', 'CAPE VERDE ', 'CAYMAN ISLANDS ', 'CENTRAL AFRICAN REPUBLIC ', 'CHAD ', 'CHILE ', 'CHINA ', 'CHRISTMAS ISLAND ', 'CLIPPERTON ISLAND ', 'COCOS (KEELING) ISLANDS ', 'COLOMBIA ', 'COMOROS ', 'CONGO ', 'COOK ISLANDS ', 'CORAL SEA ISLANDS ', 'COSTA RICA ', "COTE D'IVOIRE ", 'CROATIA ', 'CUBA ', 'CYPRUS ', 'CZECH REPUBLIC ', 'DENMARK ', 'DJIBOUTI ', 'DOMINICA ', 'DOMINICAN REPUBLIC ', 'ECUADOR ', 'EGYPT ', 'EL SALVADOR ', 'EQUATORIAL GUINEA ', 'ERITREA ', 'ESTONIA ', 'ETHIOPIA ', 'EUROPA ISLAND ', 'FALKLAND ISLANDS ', 'FAROE ISLANDS ', 'FIJI ', 'FINLAND ', 'FRANCE ', 'FRENCH GUIANA ', 'FRENCH POLYNESIA ', 'FRENCH SOUTHERN AND ANTARCTIC LANDS ', 'GABON ', 'GAMBIA, THE ', 'GAZA STRIP ', 'GEORGIA ', 'GERMANY ', 'GHANA ', 'GIBRALTAR ', 'GLORIOSO ISLANDS ', 'GREECE ', 'GREENLAND ', 'GRENADA ', 'GUADELOUPE ', 'GUAM ', 'GUATEMALA ', 'GUERNSEY ', 'GUINEA ', 'GUINEA-BISSAU ', 'GUYANA ', 'HAITI ', 'HEARD ISLAND AND MCDONALD ISLANDS ', 'HONDURAS ', 'HONG KONG ', 'HOWLAND ISLAND ', 'HUNGARY ', 'ICELAND ', 'INDIA ', 'INDONESIA ', 'IRAN ', 'IRAQ ', 'IRELAND ', 'ISRAEL ', 'ITALY ', 'JAMAICA ', 'JAN MAYEN ', 'JAPAN ', 'JARVIS ISLAND ', 'JERSEY ', 'JOHNSTON ATOLL ', 'JORDAN ', 'JUAN DE NOVA ISLAND ', 'KAZAKHSTAN ', 'KENYA ', 'KINGMAN REEF ', 'KIRIBATI ', "KOREA, DEMOCRATIC PEOPLE'S REPUBLIC OF ", 'KOREA, REPUBLIC OF ', 'KUWAIT ', 'KYRGYZSTAN ', 'LAOS ', 'LATVIA ', 'LEBANON ', 'LESOTHO ', 'LIBERIA ', 'LIBYA ', 'LIECHTENSTEIN ', 'LITHUANIA ', 'LUXEMBOURG ', 'MACAU ', 'MACEDONIA, FORMER REPUBLIC OF ', 'MADAGASCAR ', 'MALAWI ', 'MALAYSIA ', 'MALDIVES ', 'MALI ', 'MALTA ', 'MAN, ISLE OF ', 'MARSHALL ISLANDS ', 'MARTINIQUE ', 'MAURITANIA ', 'MAURITIUS ', 'MAYOTTE ', 'MEXICO ', 'MICRONESIA ', 'MIDWAY ISLANDS ', 'MOLDOVA ', 'MONACO ', 'MONGOLIA ', 'MONTENEGRO ', 'MONTSERRAT ', 'MOROCCO ', 'MOZAMBIQUE ', 'NAMIBIA ', 'NAURU ', 'NAVASSA ISLAND ', 'NEPAL ', 'NETHERLANDS ', 'NETHERLANDS ANTILLES ', 'NEW CALEDONIA ', 'NEW ZEALAND ', 'NICARAGUA ', 'NIGER ', 'NIGERIA ', 'NIUE ', 'NO MANS LAND ', 'NORFOLK ISLAND ', 'NORTHERN MARIANA ISLANDS ', 'NORWAY ', 'OCEANS ', 'OMAN ', 'PAKISTAN ', 'PALMYRA ATOLL ', 'PANAMA ', 'PAPUA NEW GUINEA ', 'PARACEL ISLANDS ', 'PARAGUAY ', 'PERU ', 'PHILIPPINES ', 'PITCAIRN ISLANDS ', 'POLAND ', 'PORTUGAL ', 'PUERTO RICO ', 'QATAR ', 'REUNION ', 'ROMANIA ', 'RUSSIA ', 'RWANDA ', 'SAN MARINO ', 'SAO TOME AND PRINCIPE ', 'SAUDI ARABIA ', 'SENEGAL ', 'SERBIA ', 'SEYCHELLES ', 'SIERRA LEONE ', 'SINGAPORE ', 'SLOVAKIA ', 'SLOVENIA ', 'SOLOMON ISLANDS ', 'SOMALIA ', 'SOUTH AFRICA ', 'SOVIET UNION ', 'SPAIN ', 'SPRATLY ISLANDS ', 'SRI LANKA ', 'ST. HELENA ', 'ST. KITTS AND NEVIS ', 'ST. LUCIA ', 'ST. PIERRE AND MIQUELON ', 'ST. VINCENT AND THE GRENADINES ', 'SUDAN ', 'SURINAME ', 'SVALBARD ', 'SWAZILAND ', 'SWEDEN ', 'SWITZERLAND ', 'SYRIA ', 'TAIWAN ', 'TAJIKISTAN ', 'TANZANIA, UNITED REPUBLIC OF ', 'THAILAND ', 'TOGO ', 'TOKELAU ', 'TONGA ', 'TRINIDAD AND TOBAGO ', 'TROMELIN ISLAND ', 'TUNISIA ', 'TURKEY ', 'TURKMENISTAN ', 'TURKS AND CAICOS ISLANDS ', 'TUVALU ', 'UGANDA ', 'UKRAINE ', 'UNDERSEA FEATURES ', 'UNITED ARAB EMIRATES ', 'UNITED KINGDOM ', 'UNITED STATES ', 'URUGUAY ', 'UZBEKISTAN ', 'VANUATU ', 'VATICAN CITY ', 'VENEZUELA ', 'VIETNAM ', 'VIRGIN ISLANDS ', 'WAKE ISLAND ', 'WALLIS AND FUTUNA ', 'WEST BANK ', 'WESTERN SAHARA ', 'WESTERN SAMOA ', 'YEMEN ', 'YUGOSLAVIA ', 'ZAIRE ', 'ZAMBIA ', 'ZIMBABWE ']</msg>
<status status="PASS" starttime="20191220 00:51:48.407" endtime="20191220 00:51:48.407"></status>
</kw>
<status status="PASS" starttime="20191220 00:51:42.329" endtime="20191220 00:51:48.407"></status>
</kw>
<kw name="Enter user" library="RegistrationKeywords">
<arguments>
<arg>&amp;{Alldata1}[Username]</arg>
</arguments>
<kw name="Input Text" library="SeleniumLibrary">
<doc>Types the given ``text`` into the text field identified by ``locator``.</doc>
<arguments>
<arg>${txt_userName}</arg>
<arg>${username}</arg>
</arguments>
<msg timestamp="20191220 00:51:48.409" level="INFO">Typing text 'sounak95' into text field 'name:email'.</msg>
<status status="PASS" starttime="20191220 00:51:48.409" endtime="20191220 00:51:48.516"></status>
</kw>
<status status="PASS" starttime="20191220 00:51:48.408" endtime="20191220 00:51:48.516"></status>
</kw>
<kw name="Enter pass" library="RegistrationKeywords">
<arguments>
<arg>&amp;{Alldata1}[Password]</arg>
</arguments>
<kw name="Input Password" library="SeleniumLibrary">
<doc>Types the given password into the text field identified by ``locator``.</doc>
<arguments>
<arg>${txt_password}</arg>
<arg>${password}</arg>
</arguments>
<msg timestamp="20191220 00:51:48.518" level="INFO">Typing password into text field 'name:password'.</msg>
<status status="PASS" starttime="20191220 00:51:48.518" endtime="20191220 00:51:48.618"></status>
</kw>
<status status="PASS" starttime="20191220 00:51:48.517" endtime="20191220 00:51:48.618"></status>
</kw>
<kw name="Enter Confirmed password" library="RegistrationKeywords">
<arguments>
<arg>&amp;{Alldata1}[Password]</arg>
</arguments>
<kw name="Input Password" library="SeleniumLibrary">
<doc>Types the given password into the text field identified by ``locator``.</doc>
<arguments>
<arg>${txt_conformedPassword}</arg>
<arg>${confpassword}</arg>
</arguments>
<msg timestamp="20191220 00:51:48.620" level="INFO">Typing password into text field 'name:confirmPassword'.</msg>
<status status="PASS" starttime="20191220 00:51:48.620" endtime="20191220 00:51:48.705"></status>
</kw>
<status status="PASS" starttime="20191220 00:51:48.619" endtime="20191220 00:51:48.706"></status>
</kw>
<kw name="Click Submit" library="RegistrationKeywords">
<kw name="Click Button" library="SeleniumLibrary">
<doc>Clicks the button identified by ``locator``.</doc>
<arguments>
<arg>${btn_submit}</arg>
</arguments>
<msg timestamp="20191220 00:51:48.710" level="INFO">Clicking button 'xpath://input[@name='register']'.</msg>
<status status="PASS" starttime="20191220 00:51:48.709" endtime="20191220 00:51:50.832"></status>
</kw>
<status status="PASS" starttime="20191220 00:51:48.707" endtime="20191220 00:51:50.832"></status>
</kw>
<kw name="Close All Browsers" library="SeleniumLibrary">
<doc>Closes all open browsers and resets the browser cache.</doc>
<status status="PASS" starttime="20191220 00:51:50.833" endtime="20191220 00:51:53.057"></status>
</kw>
<status status="PASS" starttime="20191220 00:51:33.168" endtime="20191220 00:51:53.057"></status>
</kw>
<kw name="Register User" library="RegistrationKeywords">
<arguments>
<arg>OrderedDict([('rowid', '2'), ('URL', 'http://www.newtours.demoaut.com/'), ('Browser', 'firefox'), ('FirstName', 'Sounak'), ('LastName', 'S'), ('Phone', '9999999999'), ('Email', 'sounak95@gmail.com'), ('Address1', 'abc1'), ('Address2', 'ads2'), ('City', 'Kolkata'), ('State', 'West Bengal'), ('PostCode', '700067'), ('Country', 'INDIA'), ('Username', 'sounak96'), ('Password', 'test124')])</arg>
</arguments>
<kw name="Open Browser" library="SeleniumLibrary">
<doc>Opens a new browser instance to the optional ``url``.</doc>
<arguments>
<arg>&amp;{Alldata1}[URL]</arg>
<arg>&amp;{Alldata1}[Browser]</arg>
</arguments>
<msg timestamp="20191220 00:51:53.057" level="INFO">Opening browser 'firefox' to base url 'http://www.newtours.demoaut.com/'.</msg>
<msg timestamp="20191220 00:51:53.057" level="INFO">Firefox driver log is always forced to to: D:\workspace1\TrainingPOM\PabotResults\pabot_results\TestCases.RegistrationDataDriven\geckodriver-1.log</msg>
<status status="PASS" starttime="20191220 00:51:53.057" endtime="20191220 00:52:03.174"></status>
</kw>
<kw name="Click Register Link" library="RegistrationKeywords">
<kw name="Click Link" library="SeleniumLibrary">
<doc>Clicks a link identified by ``locator``.</doc>
<arguments>
<arg>${link_Reg}</arg>
</arguments>
<msg timestamp="20191220 00:52:03.178" level="INFO">Clicking link 'link:REGISTER'.</msg>
<status status="PASS" starttime="20191220 00:52:03.178" endtime="20191220 00:52:04.156"></status>
</kw>
<status status="PASS" starttime="20191220 00:52:03.176" endtime="20191220 00:52:04.158"></status>
</kw>
<kw name="Enter FirstName" library="RegistrationKeywords">
<arguments>
<arg>&amp;{Alldata1}[FirstName]</arg>
</arguments>
<kw name="Input Text" library="SeleniumLibrary">
<doc>Types the given ``text`` into the text field identified by ``locator``.</doc>
<arguments>
<arg>${txt_firstName}</arg>
<arg>${firstName}</arg>
</arguments>
<msg timestamp="20191220 00:52:04.164" level="INFO">Typing text 'Sounak' into text field 'name:firstName'.</msg>
<status status="PASS" starttime="20191220 00:52:04.164" endtime="20191220 00:52:04.239"></status>
</kw>
<status status="PASS" starttime="20191220 00:52:04.160" endtime="20191220 00:52:04.239"></status>
</kw>
<kw name="Enter LastName" library="RegistrationKeywords">
<arguments>
<arg>&amp;{Alldata1}[LastName]</arg>
</arguments>
<kw name="Input Text" library="SeleniumLibrary">
<doc>Types the given ``text`` into the text field identified by ``locator``.</doc>
<arguments>
<arg>${txt_lastName}</arg>
<arg>${lastName}</arg>
</arguments>
<msg timestamp="20191220 00:52:04.243" level="INFO">Typing text 'S' into text field 'name:lastName'.</msg>
<status status="PASS" starttime="20191220 00:52:04.242" endtime="20191220 00:52:04.272"></status>
</kw>
<status status="PASS" starttime="20191220 00:52:04.240" endtime="20191220 00:52:04.272"></status>
</kw>
<kw name="Enter Phone" library="RegistrationKeywords">
<arguments>
<arg>&amp;{Alldata1}[Phone]</arg>
</arguments>
<kw name="Run Keyword And Return Status" library="BuiltIn">
<doc>Runs the given keyword with given arguments and returns the status as a Boolean value.</doc>
<arguments>
<arg>Page Should Contain Element</arg>
<arg>${txt_phone}</arg>
</arguments>
<assign>
<var>${result}</var>
</assign>
<kw name="Page Should Contain Element" library="SeleniumLibrary">
<doc>Verifies that element ``locator`` is found on the current page.</doc>
<arguments>
<arg>${txt_phone}</arg>
</arguments>
<msg timestamp="20191220 00:52:04.280" level="INFO">Current page contains element 'name:phone'.</msg>
<status status="PASS" starttime="20191220 00:52:04.274" endtime="20191220 00:52:04.280"></status>
</kw>
<msg timestamp="20191220 00:52:04.281" level="INFO">${result} = True</msg>
<status status="PASS" starttime="20191220 00:52:04.274" endtime="20191220 00:52:04.281"></status>
</kw>
<kw name="Run Keyword If" library="BuiltIn">
<doc>Runs the given keyword with the given arguments, if ``condition`` is true.</doc>
<arguments>
<arg>'${result}'=='True'</arg>
<arg>Input Text</arg>
<arg>${txt_phone}</arg>
<arg>${phone}</arg>
</arguments>
<kw name="Input Text" library="SeleniumLibrary">
<doc>Types the given ``text`` into the text field identified by ``locator``.</doc>
<arguments>
<arg>${txt_phone}</arg>
<arg>${phone}</arg>
</arguments>
<msg timestamp="20191220 00:52:04.282" level="INFO">Typing text '9999999999' into text field 'name:phone'.</msg>
<status status="PASS" starttime="20191220 00:52:04.282" endtime="20191220 00:52:04.313"></status>
</kw>
<status status="PASS" starttime="20191220 00:52:04.281" endtime="20191220 00:52:04.313"></status>
</kw>
<kw name="Get Value" library="SeleniumLibrary">
<doc>Returns the value attribute of the element identified by ``locator``.</doc>
<arguments>
<arg>${txt_phone}</arg>
</arguments>
<assign>
<var>${val}</var>
</assign>
<msg timestamp="20191220 00:52:04.331" level="INFO">${val} = 9999999999</msg>
<status status="PASS" starttime="20191220 00:52:04.314" endtime="20191220 00:52:04.331"></status>
</kw>
<kw name="Log" library="BuiltIn">
<doc>Logs the given message with the given level.</doc>
<arguments>
<arg>${val}</arg>
</arguments>
<msg timestamp="20191220 00:52:04.332" level="INFO">9999999999</msg>
<status status="PASS" starttime="20191220 00:52:04.332" endtime="20191220 00:52:04.333"></status>
</kw>
<kw name="Should Be Equal As Strings" library="BuiltIn">
<doc>Fails if objects are unequal after converting them to strings.</doc>
<arguments>
<arg>${phone}</arg>
<arg>${val}</arg>
</arguments>
<status status="PASS" starttime="20191220 00:52:04.333" endtime="20191220 00:52:04.334"></status>
</kw>
<status status="PASS" starttime="20191220 00:52:04.273" endtime="20191220 00:52:04.334"></status>
</kw>
<kw name="Enter Email" library="RegistrationKeywords">
<arguments>
<arg>&amp;{Alldata1}[Email]</arg>
</arguments>
<kw name="Input Text" library="SeleniumLibrary">
<doc>Types the given ``text`` into the text field identified by ``locator``.</doc>
<arguments>
<arg>${txt_email}</arg>
<arg>${email}</arg>
</arguments>
<msg timestamp="20191220 00:52:04.336" level="INFO">Typing text 'sounak95@gmail.com' into text field 'name:userName'.</msg>
<status status="PASS" starttime="20191220 00:52:04.335" endtime="20191220 00:52:04.364"></status>
</kw>
<status status="PASS" starttime="20191220 00:52:04.334" endtime="20191220 00:52:04.364"></status>
</kw>
<kw name="Enter Address1" library="RegistrationKeywords">
<arguments>
<arg>&amp;{Alldata1}[Address1]</arg>
</arguments>
<kw name="Input Text" library="SeleniumLibrary">
<doc>Types the given ``text`` into the text field identified by ``locator``.</doc>
<arguments>
<arg>${txt_add1}</arg>
<arg>${address1}</arg>
</arguments>
<msg timestamp="20191220 00:52:04.366" level="INFO">Typing text 'abc1' into text field 'name:address1'.</msg>
<status status="PASS" starttime="20191220 00:52:04.366" endtime="20191220 00:52:04.391"></status>
</kw>
<status status="PASS" starttime="20191220 00:52:04.365" endtime="20191220 00:52:04.391"></status>
</kw>
<kw name="Enter Address2" library="RegistrationKeywords">
<arguments>
<arg>&amp;{Alldata1}[Address2]</arg>
</arguments>
<kw name="Input Text" library="SeleniumLibrary">
<doc>Types the given ``text`` into the text field identified by ``locator``.</doc>
<arguments>
<arg>${txt_add2}</arg>
<arg>${address2}</arg>
</arguments>
<msg timestamp="20191220 00:52:04.393" level="INFO">Typing text 'ads2' into text field 'name:address2'.</msg>
<status status="PASS" starttime="20191220 00:52:04.393" endtime="20191220 00:52:04.416"></status>
</kw>
<status status="PASS" starttime="20191220 00:52:04.392" endtime="20191220 00:52:04.416"></status>
</kw>
<kw name="Enter City" library="RegistrationKeywords">
<arguments>
<arg>&amp;{Alldata1}[City]</arg>
</arguments>
<kw name="Run Keyword And Return Status" library="BuiltIn">
<doc>Runs the given keyword with given arguments and returns the status as a Boolean value.</doc>
<arguments>
<arg>Element Should Be Visible</arg>
<arg>${txt_phone}</arg>
</arguments>
<assign>
<var>${result}</var>
</assign>
<kw name="Element Should Be Visible" library="SeleniumLibrary">
<doc>Verifies that the element identified by ``locator`` is visible.</doc>
<arguments>
<arg>${txt_phone}</arg>
</arguments>
<msg timestamp="20191220 00:52:04.433" level="INFO">Element 'name:phone' is displayed.</msg>
<status status="PASS" starttime="20191220 00:52:04.417" endtime="20191220 00:52:04.433"></status>
</kw>
<msg timestamp="20191220 00:52:04.433" level="INFO">${result} = True</msg>
<status status="PASS" starttime="20191220 00:52:04.417" endtime="20191220 00:52:04.433"></status>
</kw>
<kw name="Run Keyword If" library="BuiltIn">
<doc>Runs the given keyword with the given arguments, if ``condition`` is true.</doc>
<arguments>
<arg>'${result}'=='True'</arg>
<arg>Input Text</arg>
<arg>${txt_city}</arg>
<arg>${city}</arg>
</arguments>
<kw name="Input Text" library="SeleniumLibrary">
<doc>Types the given ``text`` into the text field identified by ``locator``.</doc>
<arguments>
<arg>${txt_city}</arg>
<arg>${city}</arg>
</arguments>
<msg timestamp="20191220 00:52:04.434" level="INFO">Typing text 'Kolkata' into text field 'name:city'.</msg>
<status status="PASS" starttime="20191220 00:52:04.434" endtime="20191220 00:52:04.458"></status>
</kw>
<status status="PASS" starttime="20191220 00:52:04.434" endtime="20191220 00:52:04.458"></status>
</kw>
<kw name="Get Element Attribute" library="SeleniumLibrary">
<doc>Returns the value of ``attribute`` from the element ``locator``.</doc>
<arguments>
<arg>${txt_city}</arg>
<arg>name</arg>
</arguments>
<assign>
<var>${val}</var>
</assign>
<msg timestamp="20191220 00:52:04.473" level="INFO">${val} = city</msg>
<status status="PASS" starttime="20191220 00:52:04.459" endtime="20191220 00:52:04.473"></status>
</kw>
<status status="PASS" starttime="20191220 00:52:04.416" endtime="20191220 00:52:04.473"></status>
</kw>
<kw name="Enter State" library="RegistrationKeywords">
<arguments>
<arg>&amp;{Alldata1}[State]</arg>
</arguments>
<kw name="Input Text" library="SeleniumLibrary">
<doc>Types the given ``text`` into the text field identified by ``locator``.</doc>
<arguments>
<arg>${txt_state}</arg>
<arg>${state}</arg>
</arguments>
<msg timestamp="20191220 00:52:04.475" level="INFO">Typing text 'West Bengal' into text field 'name:state'.</msg>
<status status="PASS" starttime="20191220 00:52:04.475" endtime="20191220 00:52:04.499"></status>
</kw>
<status status="PASS" starttime="20191220 00:52:04.474" endtime="20191220 00:52:04.499"></status>
</kw>
<kw name="Enter Postcode" library="RegistrationKeywords">
<arguments>
<arg>&amp;{Alldata1}[PostCode]</arg>
</arguments>
<kw name="Input Text" library="SeleniumLibrary">
<doc>Types the given ``text`` into the text field identified by ``locator``.</doc>
<arguments>
<arg>${txt_postCode}</arg>
<arg>${Postcode}</arg>
</arguments>
<msg timestamp="20191220 00:52:04.501" level="INFO">Typing text '700067' into text field 'name:postalCode'.</msg>
<status status="PASS" starttime="20191220 00:52:04.500" endtime="20191220 00:52:04.524"></status>
</kw>
<status status="PASS" starttime="20191220 00:52:04.500" endtime="20191220 00:52:04.524"></status>
</kw>
<kw name="Select Country" library="RegistrationKeywords">
<arguments>
<arg>&amp;{Alldata1}[Country]</arg>
</arguments>
<kw name="Select From List By Label" library="SeleniumLibrary">
<doc>Selects options from selection list ``locator`` by ``labels``.</doc>
<arguments>
<arg>${drp_country}</arg>
<arg>${country}</arg>
</arguments>
<msg timestamp="20191220 00:52:04.526" level="INFO">Selecting options from selection list 'name:country' by label INDIA.</msg>
<status status="PASS" starttime="20191220 00:52:04.526" endtime="20191220 00:52:04.770"></status>
</kw>
<kw name="Get Selected List Label" library="SeleniumLibrary">
<doc>Returns the label of selected option from selection list ``locator``.</doc>
<arguments>
<arg>${drp_country}</arg>
</arguments>
<assign>
<var>${val}</var>
</assign>
<msg timestamp="20191220 00:52:05.453" level="INFO">${val} = INDIA</msg>
<status status="PASS" starttime="20191220 00:52:04.773" endtime="20191220 00:52:05.453"></status>
</kw>
<kw name="Log" library="BuiltIn">
<doc>Logs the given message with the given level.</doc>
<arguments>
<arg>${val}</arg>
</arguments>
<msg timestamp="20191220 00:52:05.454" level="INFO">INDIA</msg>
<status status="PASS" starttime="20191220 00:52:05.453" endtime="20191220 00:52:05.454"></status>
</kw>
<kw name="Get List Items" library="SeleniumLibrary">
<doc>Returns all labels or values of selection list ``locator``.</doc>
<arguments>
<arg>${drp_country}</arg>
</arguments>
<assign>
<var>${val}</var>
</assign>
<msg timestamp="20191220 00:52:07.000" level="INFO">${val} = ['ALBANIA', 'ALGERIA', 'AMERICAN SAMOA', 'ANDORRA', 'ANGOLA', 'ANGUILLA', 'ANTARCTICA', 'ANTIGUA AND BARBUDA', 'ARGENTINA', 'ARMENIA', 'ARUBA', 'ASHMORE AND CARTIER ISLANDS', 'AUSTRALIA', 'AUSTRIA', '...</msg>
<status status="PASS" starttime="20191220 00:52:05.454" endtime="20191220 00:52:07.000"></status>
</kw>
<kw name="Log" library="BuiltIn">
<doc>Logs the given message with the given level.</doc>
<arguments>
<arg>${val}</arg>
</arguments>
<msg timestamp="20191220 00:52:07.001" level="INFO">['ALBANIA', 'ALGERIA', 'AMERICAN SAMOA', 'ANDORRA', 'ANGOLA', 'ANGUILLA', 'ANTARCTICA', 'ANTIGUA AND BARBUDA', 'ARGENTINA', 'ARMENIA', 'ARUBA', 'ASHMORE AND CARTIER ISLANDS', 'AUSTRALIA', 'AUSTRIA', 'AZERBAIJAN', 'BAHAMAS', 'BAHRAIN', 'BAKER ISLAND', 'BANGLADESH', 'BARBADOS', 'BASSA DE INDIA', 'BELARUS', 'BELGIUM', 'BELIZE', 'BENIN', 'BERMUDA', 'BHUTAN', 'BOLIVIA', 'BOSNIA AND HERZEGOVINA', 'BOTSWANA', 'BOUVET ISLAND', 'BRAZIL', 'BRITISH INDIAN OCEAN TERRITORY', 'BRITISH VIRGIN ISLANDS', 'BRUNEI', 'BULGARIA', 'BURKINA FASO', 'BURMA', 'BURUNDI', 'CAMBODIA', 'CAMEROON', 'CANADA', 'CAPE VERDE', 'CAYMAN ISLANDS', 'CENTRAL AFRICAN REPUBLIC', 'CHAD', 'CHILE', 'CHINA', 'CHRISTMAS ISLAND', 'CLIPPERTON ISLAND', 'COCOS (KEELING) ISLANDS', 'COLOMBIA', 'COMOROS', 'CONGO', 'COOK ISLANDS', 'CORAL SEA ISLANDS', 'COSTA RICA', "COTE D'IVOIRE", 'CROATIA', 'CUBA', 'CYPRUS', 'CZECH REPUBLIC', 'DENMARK', 'DJIBOUTI', 'DOMINICA', 'DOMINICAN REPUBLIC', 'ECUADOR', 'EGYPT', 'EL SALVADOR', 'EQUATORIAL GUINEA', 'ERITREA', 'ESTONIA', 'ETHIOPIA', 'EUROPA ISLAND', 'FALKLAND ISLANDS', 'FAROE ISLANDS', 'FIJI', 'FINLAND', 'FRANCE', 'FRENCH GUIANA', 'FRENCH POLYNESIA', 'FRENCH SOUTHERN AND ANTARCTIC LANDS', 'GABON', 'GAMBIA, THE', 'GAZA STRIP', 'GEORGIA', 'GERMANY', 'GHANA', 'GIBRALTAR', 'GLORIOSO ISLANDS', 'GREECE', 'GREENLAND', 'GRENADA', 'GUADELOUPE', 'GUAM', 'GUATEMALA', 'GUERNSEY', 'GUINEA', 'GUINEA-BISSAU', 'GUYANA', 'HAITI', 'HEARD ISLAND AND MCDONALD ISLANDS', 'HONDURAS', 'HONG KONG', 'HOWLAND ISLAND', 'HUNGARY', 'ICELAND', 'INDIA', 'INDONESIA', 'IRAN', 'IRAQ', 'IRELAND', 'ISRAEL', 'ITALY', 'JAMAICA', 'JAN MAYEN', 'JAPAN', 'JARVIS ISLAND', 'JERSEY', 'JOHNSTON ATOLL', 'JORDAN', 'JUAN DE NOVA ISLAND', 'KAZAKHSTAN', 'KENYA', 'KINGMAN REEF', 'KIRIBATI', "KOREA, DEMOCRATIC PEOPLE'S REPUBLIC OF", 'KOREA, REPUBLIC OF', 'KUWAIT', 'KYRGYZSTAN', 'LAOS', 'LATVIA', 'LEBANON', 'LESOTHO', 'LIBERIA', 'LIBYA', 'LIECHTENSTEIN', 'LITHUANIA', 'LUXEMBOURG', 'MACAU', 'MACEDONIA, FORMER REPUBLIC OF', 'MADAGASCAR', 'MALAWI', 'MALAYSIA', 'MALDIVES', 'MALI', 'MALTA', 'MAN, ISLE OF', 'MARSHALL ISLANDS', 'MARTINIQUE', 'MAURITANIA', 'MAURITIUS', 'MAYOTTE', 'MEXICO', 'MICRONESIA', 'MIDWAY ISLANDS', 'MOLDOVA', 'MONACO', 'MONGOLIA', 'MONTENEGRO', 'MONTSERRAT', 'MOROCCO', 'MOZAMBIQUE', 'NAMIBIA', 'NAURU', 'NAVASSA ISLAND', 'NEPAL', 'NETHERLANDS', 'NETHERLANDS ANTILLES', 'NEW CALEDONIA', 'NEW ZEALAND', 'NICARAGUA', 'NIGER', 'NIGERIA', 'NIUE', 'NO MANS LAND', 'NORFOLK ISLAND', 'NORTHERN MARIANA ISLANDS', 'NORWAY', 'OCEANS', 'OMAN', 'PAKISTAN', 'PALMYRA ATOLL', 'PANAMA', 'PAPUA NEW GUINEA', 'PARACEL ISLANDS', 'PARAGUAY', 'PERU', 'PHILIPPINES', 'PITCAIRN ISLANDS', 'POLAND', 'PORTUGAL', 'PUERTO RICO', 'QATAR', 'REUNION', 'ROMANIA', 'RUSSIA', 'RWANDA', 'SAN MARINO', 'SAO TOME AND PRINCIPE', 'SAUDI ARABIA', 'SENEGAL', 'SERBIA', 'SEYCHELLES', 'SIERRA LEONE', 'SINGAPORE', 'SLOVAKIA', 'SLOVENIA', 'SOLOMON ISLANDS', 'SOMALIA', 'SOUTH AFRICA', 'SOVIET UNION', 'SPAIN', 'SPRATLY ISLANDS', 'SRI LANKA', 'ST. HELENA', 'ST. KITTS AND NEVIS', 'ST. LUCIA', 'ST. PIERRE AND MIQUELON', 'ST. VINCENT AND THE GRENADINES', 'SUDAN', 'SURINAME', 'SVALBARD', 'SWAZILAND', 'SWEDEN', 'SWITZERLAND', 'SYRIA', 'TAIWAN', 'TAJIKISTAN', 'TANZANIA, UNITED REPUBLIC OF', 'THAILAND', 'TOGO', 'TOKELAU', 'TONGA', 'TRINIDAD AND TOBAGO', 'TROMELIN ISLAND', 'TUNISIA', 'TURKEY', 'TURKMENISTAN', 'TURKS AND CAICOS ISLANDS', 'TUVALU', 'UGANDA', 'UKRAINE', 'UNDERSEA FEATURES', 'UNITED ARAB EMIRATES', 'UNITED KINGDOM', 'UNITED STATES', 'URUGUAY', 'UZBEKISTAN', 'VANUATU', 'VATICAN CITY', 'VENEZUELA', 'VIETNAM', 'VIRGIN ISLANDS', 'WAKE ISLAND', 'WALLIS AND FUTUNA', 'WEST BANK', 'WESTERN SAHARA', 'WESTERN SAMOA', 'YEMEN', 'YUGOSLAVIA', 'ZAIRE', 'ZAMBIA', 'ZIMBABWE']</msg>
<status status="PASS" starttime="20191220 00:52:07.001" endtime="20191220 00:52:07.002"></status>
</kw>
<status status="PASS" starttime="20191220 00:52:04.525" endtime="20191220 00:52:07.002"></status>
</kw>
<kw name="Enter user" library="RegistrationKeywords">
<arguments>
<arg>&amp;{Alldata1}[Username]</arg>
</arguments>
<kw name="Input Text" library="SeleniumLibrary">
<doc>Types the given ``text`` into the text field identified by ``locator``.</doc>
<arguments>
<arg>${txt_userName}</arg>
<arg>${username}</arg>
</arguments>
<msg timestamp="20191220 00:52:07.003" level="INFO">Typing text 'sounak96' into text field 'name:email'.</msg>
<status status="PASS" starttime="20191220 00:52:07.003" endtime="20191220 00:52:07.024"></status>
</kw>
<status status="PASS" starttime="20191220 00:52:07.002" endtime="20191220 00:52:07.024"></status>
</kw>
<kw name="Enter pass" library="RegistrationKeywords">
<arguments>
<arg>&amp;{Alldata1}[Password]</arg>
</arguments>
<kw name="Input Password" library="SeleniumLibrary">
<doc>Types the given password into the text field identified by ``locator``.</doc>
<arguments>
<arg>${txt_password}</arg>
<arg>${password}</arg>
</arguments>
<msg timestamp="20191220 00:52:07.026" level="INFO">Typing password into text field 'name:password'.</msg>
<status status="PASS" starttime="20191220 00:52:07.026" endtime="20191220 00:52:07.045"></status>
</kw>
<status status="PASS" starttime="20191220 00:52:07.025" endtime="20191220 00:52:07.045"></status>
</kw>
<kw name="Enter Confirmed password" library="RegistrationKeywords">
<arguments>
<arg>&amp;{Alldata1}[Password]</arg>
</arguments>
<kw name="Input Password" library="SeleniumLibrary">
<doc>Types the given password into the text field identified by ``locator``.</doc>
<arguments>
<arg>${txt_conformedPassword}</arg>
<arg>${confpassword}</arg>
</arguments>
<msg timestamp="20191220 00:52:07.047" level="INFO">Typing password into text field 'name:confirmPassword'.</msg>
<status status="PASS" starttime="20191220 00:52:07.047" endtime="20191220 00:52:07.066"></status>
</kw>
<status status="PASS" starttime="20191220 00:52:07.046" endtime="20191220 00:52:07.067"></status>
</kw>
<kw name="Click Submit" library="RegistrationKeywords">
<kw name="Click Button" library="SeleniumLibrary">
<doc>Clicks the button identified by ``locator``.</doc>
<arguments>
<arg>${btn_submit}</arg>
</arguments>
<msg timestamp="20191220 00:52:07.068" level="INFO">Clicking button 'xpath://input[@name='register']'.</msg>
<status status="PASS" starttime="20191220 00:52:07.068" endtime="20191220 00:52:09.566"></status>
</kw>
<status status="PASS" starttime="20191220 00:52:07.067" endtime="20191220 00:52:09.566"></status>
</kw>
<kw name="Close All Browsers" library="SeleniumLibrary">
<doc>Closes all open browsers and resets the browser cache.</doc>
<status status="PASS" starttime="20191220 00:52:09.567" endtime="20191220 00:52:10.941"></status>
</kw>
<status status="PASS" starttime="20191220 00:51:53.057" endtime="20191220 00:52:10.942"></status>
</kw>
<msg timestamp="20191220 00:52:10.942" level="INFO">Mx Execute Template With Multiple Data keyword passed for all the data</msg>
<status status="PASS" starttime="20191220 00:51:33.134" endtime="20191220 00:52:10.942"></status>
</kw>
<status status="PASS" starttime="20191220 00:51:33.134" endtime="20191220 00:52:10.942" critical="yes"></status>
</test>
<doc>Registering in the application

</doc>
<status status="PASS" starttime="20191220 00:51:32.032" endtime="20191220 00:52:10.942"></status>
</suite>
<suite id="s1-s3" name="RegistrationTest" source="D:\workspace1\TrainingPOM\TestCases\RegistrationTest.robot">
<test id="s1-s3-t1" name="Registration Test">
<kw name="Open my browser" library="LoginKeywords" type="setup">
<arguments>
<arg>${url}</arg>
<arg>${browser}</arg>
</arguments>
<kw name="Open Browser" library="SeleniumLibrary">
<doc>Opens a new browser instance to the optional ``url``.</doc>
<arguments>
<arg>${SiteUrl}</arg>
<arg>${Browser}</arg>
</arguments>
<msg timestamp="20191220 00:51:33.134" level="INFO">Opening browser 'firefox' to base url 'http://newtours.demoaut.com'.</msg>
<msg timestamp="20191220 00:51:33.134" level="INFO">Firefox driver log is always forced to to: D:\workspace1\TrainingPOM\PabotResults\pabot_results\TestCases.RegistrationTest\geckodriver-1.log</msg>
<status status="PASS" starttime="20191220 00:51:33.134" endtime="20191220 00:51:44.347"></status>
</kw>
<kw name="Maximize Browser Window" library="SeleniumLibrary">
<doc>Maximizes current browser window.</doc>
<status status="PASS" starttime="20191220 00:51:44.348" endtime="20191220 00:51:44.623"></status>
</kw>
<status status="PASS" starttime="20191220 00:51:33.134" endtime="20191220 00:51:44.623"></status>
</kw>
<kw name="Click Register Link" library="RegistrationKeywords">
<kw name="Click Link" library="SeleniumLibrary">
<doc>Clicks a link identified by ``locator``.</doc>
<arguments>
<arg>${link_Reg}</arg>
</arguments>
<msg timestamp="20191220 00:51:44.625" level="INFO">Clicking link 'link:REGISTER'.</msg>
<status status="PASS" starttime="20191220 00:51:44.625" endtime="20191220 00:51:45.588"></status>
</kw>
<status status="PASS" starttime="20191220 00:51:44.624" endtime="20191220 00:51:45.589"></status>
</kw>
<kw name="Enter FirstName" library="RegistrationKeywords">
<arguments>
<arg>Abir</arg>
</arguments>
<kw name="Input Text" library="SeleniumLibrary">
<doc>Types the given ``text`` into the text field identified by ``locator``.</doc>
<arguments>
<arg>${txt_firstName}</arg>
<arg>${firstName}</arg>
</arguments>
<msg timestamp="20191220 00:51:45.592" level="INFO">Typing text 'Abir' into text field 'name:firstName'.</msg>
<status status="PASS" starttime="20191220 00:51:45.592" endtime="20191220 00:51:45.629"></status>
</kw>
<status status="PASS" starttime="20191220 00:51:45.590" endtime="20191220 00:51:45.629"></status>
</kw>
<kw name="Enter LastName" library="RegistrationKeywords">
<arguments>
<arg>Roy</arg>
</arguments>
<kw name="Input Text" library="SeleniumLibrary">
<doc>Types the given ``text`` into the text field identified by ``locator``.</doc>
<arguments>
<arg>${txt_lastName}</arg>
<arg>${lastName}</arg>
</arguments>
<msg timestamp="20191220 00:51:45.631" level="INFO">Typing text 'Roy' into text field 'name:lastName'.</msg>
<status status="PASS" starttime="20191220 00:51:45.631" endtime="20191220 00:51:45.659"></status>
</kw>
<status status="PASS" starttime="20191220 00:51:45.630" endtime="20191220 00:51:45.661"></status>
</kw>
<kw name="Enter Phone" library="RegistrationKeywords">
<arguments>
<arg>9876543212</arg>
</arguments>
<kw name="Run Keyword And Return Status" library="BuiltIn">
<doc>Runs the given keyword with given arguments and returns the status as a Boolean value.</doc>
<arguments>
<arg>Page Should Contain Element</arg>
<arg>${txt_phone}</arg>
</arguments>
<assign>
<var>${result}</var>
</assign>
<kw name="Page Should Contain Element" library="SeleniumLibrary">
<doc>Verifies that element ``locator`` is found on the current page.</doc>
<arguments>
<arg>${txt_phone}</arg>
</arguments>
<msg timestamp="20191220 00:51:45.668" level="INFO">Current page contains element 'name:phone'.</msg>
<status status="PASS" starttime="20191220 00:51:45.662" endtime="20191220 00:51:45.668"></status>
</kw>
<msg timestamp="20191220 00:51:45.668" level="INFO">${result} = True</msg>
<status status="PASS" starttime="20191220 00:51:45.662" endtime="20191220 00:51:45.668"></status>
</kw>
<kw name="Run Keyword If" library="BuiltIn">
<doc>Runs the given keyword with the given arguments, if ``condition`` is true.</doc>
<arguments>
<arg>'${result}'=='True'</arg>
<arg>Input Text</arg>
<arg>${txt_phone}</arg>
<arg>${phone}</arg>
</arguments>
<kw name="Input Text" library="SeleniumLibrary">
<doc>Types the given ``text`` into the text field identified by ``locator``.</doc>
<arguments>
<arg>${txt_phone}</arg>
<arg>${phone}</arg>
</arguments>
<msg timestamp="20191220 00:51:45.669" level="INFO">Typing text '9876543212' into text field 'name:phone'.</msg>
<status status="PASS" starttime="20191220 00:51:45.669" endtime="20191220 00:51:45.699"></status>
</kw>
<status status="PASS" starttime="20191220 00:51:45.669" endtime="20191220 00:51:45.699"></status>
</kw>
<kw name="Get Value" library="SeleniumLibrary">
<doc>Returns the value attribute of the element identified by ``locator``.</doc>
<arguments>
<arg>${txt_phone}</arg>
</arguments>
<assign>
<var>${val}</var>
</assign>
<msg timestamp="20191220 00:51:45.718" level="INFO">${val} = 9876543212</msg>
<status status="PASS" starttime="20191220 00:51:45.700" endtime="20191220 00:51:45.718"></status>
</kw>
<kw name="Log" library="BuiltIn">
<doc>Logs the given message with the given level.</doc>
<arguments>
<arg>${val}</arg>
</arguments>
<msg timestamp="20191220 00:51:45.719" level="INFO">9876543212</msg>
<status status="PASS" starttime="20191220 00:51:45.719" endtime="20191220 00:51:45.719"></status>
</kw>
<kw name="Should Be Equal As Strings" library="BuiltIn">
<doc>Fails if objects are unequal after converting them to strings.</doc>
<arguments>
<arg>${phone}</arg>
<arg>${val}</arg>
</arguments>
<status status="PASS" starttime="20191220 00:51:45.720" endtime="20191220 00:51:45.721"></status>
</kw>
<status status="PASS" starttime="20191220 00:51:45.661" endtime="20191220 00:51:45.721"></status>
</kw>
<kw name="Enter Email" library="RegistrationKeywords">
<arguments>
<arg>abir31@gmail.com</arg>
</arguments>
<kw name="Input Text" library="SeleniumLibrary">
<doc>Types the given ``text`` into the text field identified by ``locator``.</doc>
<arguments>
<arg>${txt_email}</arg>
<arg>${email}</arg>
</arguments>
<msg timestamp="20191220 00:51:45.725" level="INFO">Typing text 'abir31@gmail.com' into text field 'name:userName'.</msg>
<status status="PASS" starttime="20191220 00:51:45.723" endtime="20191220 00:51:45.752"></status>
</kw>
<status status="PASS" starttime="20191220 00:51:45.722" endtime="20191220 00:51:45.752"></status>
</kw>
<kw name="Enter Address1" library="RegistrationKeywords">
<arguments>
<arg>22 Camac Street</arg>
</arguments>
<kw name="Input Text" library="SeleniumLibrary">
<doc>Types the given ``text`` into the text field identified by ``locator``.</doc>
<arguments>
<arg>${txt_add1}</arg>
<arg>${address1}</arg>
</arguments>
<msg timestamp="20191220 00:51:45.755" level="INFO">Typing text '22 Camac Street' into text field 'name:address1'.</msg>
<status status="PASS" starttime="20191220 00:51:45.754" endtime="20191220 00:51:45.782"></status>
</kw>
<status status="PASS" starttime="20191220 00:51:45.753" endtime="20191220 00:51:45.782"></status>
</kw>
<kw name="Enter Address2" library="RegistrationKeywords">
<arguments>
<arg>13 Lane</arg>
</arguments>
<kw name="Input Text" library="SeleniumLibrary">
<doc>Types the given ``text`` into the text field identified by ``locator``.</doc>
<arguments>
<arg>${txt_add2}</arg>
<arg>${address2}</arg>
</arguments>
<msg timestamp="20191220 00:51:45.783" level="INFO">Typing text '13 Lane' into text field 'name:address2'.</msg>
<status status="PASS" starttime="20191220 00:51:45.783" endtime="20191220 00:51:45.814"></status>
</kw>
<status status="PASS" starttime="20191220 00:51:45.783" endtime="20191220 00:51:45.815"></status>
</kw>
<kw name="Enter City" library="RegistrationKeywords">
<arguments>
<arg>Kolkata</arg>
</arguments>
<kw name="Run Keyword And Return Status" library="BuiltIn">
<doc>Runs the given keyword with given arguments and returns the status as a Boolean value.</doc>
<arguments>
<arg>Element Should Be Visible</arg>
<arg>${txt_phone}</arg>
</arguments>
<assign>
<var>${result}</var>
</assign>
<kw name="Element Should Be Visible" library="SeleniumLibrary">
<doc>Verifies that the element identified by ``locator`` is visible.</doc>
<arguments>
<arg>${txt_phone}</arg>
</arguments>
<msg timestamp="20191220 00:51:45.835" level="INFO">Element 'name:phone' is displayed.</msg>
<status status="PASS" starttime="20191220 00:51:45.817" endtime="20191220 00:51:45.835"></status>
</kw>
<msg timestamp="20191220 00:51:45.835" level="INFO">${result} = True</msg>
<status status="PASS" starttime="20191220 00:51:45.817" endtime="20191220 00:51:45.835"></status>
</kw>
<kw name="Run Keyword If" library="BuiltIn">
<doc>Runs the given keyword with the given arguments, if ``condition`` is true.</doc>
<arguments>
<arg>'${result}'=='True'</arg>
<arg>Input Text</arg>
<arg>${txt_city}</arg>
<arg>${city}</arg>
</arguments>
<kw name="Input Text" library="SeleniumLibrary">
<doc>Types the given ``text`` into the text field identified by ``locator``.</doc>
<arguments>
<arg>${txt_city}</arg>
<arg>${city}</arg>
</arguments>
<msg timestamp="20191220 00:51:45.838" level="INFO">Typing text 'Kolkata' into text field 'name:city'.</msg>
<status status="PASS" starttime="20191220 00:51:45.838" endtime="20191220 00:51:45.865"></status>
</kw>
<status status="PASS" starttime="20191220 00:51:45.836" endtime="20191220 00:51:45.865"></status>
</kw>
<kw name="Get Element Attribute" library="SeleniumLibrary">
<doc>Returns the value of ``attribute`` from the element ``locator``.</doc>
<arguments>
<arg>${txt_city}</arg>
<arg>name</arg>
</arguments>
<assign>
<var>${val}</var>
</assign>
<msg timestamp="20191220 00:51:45.882" level="INFO">${val} = city</msg>
<status status="PASS" starttime="20191220 00:51:45.866" endtime="20191220 00:51:45.882"></status>
</kw>
<status status="PASS" starttime="20191220 00:51:45.816" endtime="20191220 00:51:45.882"></status>
</kw>
<kw name="Enter State" library="RegistrationKeywords">
<arguments>
<arg>West Bengal</arg>
</arguments>
<kw name="Input Text" library="SeleniumLibrary">
<doc>Types the given ``text`` into the text field identified by ``locator``.</doc>
<arguments>
<arg>${txt_state}</arg>
<arg>${state}</arg>
</arguments>
<msg timestamp="20191220 00:51:45.884" level="INFO">Typing text 'West Bengal' into text field 'name:state'.</msg>
<status status="PASS" starttime="20191220 00:51:45.884" endtime="20191220 00:51:45.913"></status>
</kw>
<status status="PASS" starttime="20191220 00:51:45.883" endtime="20191220 00:51:45.913"></status>
</kw>
<kw name="Enter Postcode" library="RegistrationKeywords">
<arguments>
<arg>700067</arg>
</arguments>
<kw name="Input Text" library="SeleniumLibrary">
<doc>Types the given ``text`` into the text field identified by ``locator``.</doc>
<arguments>
<arg>${txt_postCode}</arg>
<arg>${Postcode}</arg>
</arguments>
<msg timestamp="20191220 00:51:45.915" level="INFO">Typing text '700067' into text field 'name:postalCode'.</msg>
<status status="PASS" starttime="20191220 00:51:45.914" endtime="20191220 00:51:45.938"></status>
</kw>
<status status="PASS" starttime="20191220 00:51:45.913" endtime="20191220 00:51:45.939"></status>
</kw>
<kw name="Select Country" library="RegistrationKeywords">
<arguments>
<arg>INDIA</arg>
</arguments>
<kw name="Select From List By Label" library="SeleniumLibrary">
<doc>Selects options from selection list ``locator`` by ``labels``.</doc>
<arguments>
<arg>${drp_country}</arg>
<arg>${country}</arg>
</arguments>
<msg timestamp="20191220 00:51:45.942" level="INFO">Selecting options from selection list 'name:country' by label INDIA.</msg>
<status status="PASS" starttime="20191220 00:51:45.942" endtime="20191220 00:51:46.199"></status>
</kw>
<kw name="Get Selected List Label" library="SeleniumLibrary">
<doc>Returns the label of selected option from selection list ``locator``.</doc>
<arguments>
<arg>${drp_country}</arg>
</arguments>
<assign>
<var>${val}</var>
</assign>
<msg timestamp="20191220 00:51:47.017" level="INFO">${val} = INDIA</msg>
<status status="PASS" starttime="20191220 00:51:46.200" endtime="20191220 00:51:47.017"></status>
</kw>
<kw name="Log" library="BuiltIn">
<doc>Logs the given message with the given level.</doc>
<arguments>
<arg>${val}</arg>
</arguments>
<msg timestamp="20191220 00:51:47.018" level="INFO">INDIA</msg>
<status status="PASS" starttime="20191220 00:51:47.017" endtime="20191220 00:51:47.018"></status>
</kw>
<kw name="Get List Items" library="SeleniumLibrary">
<doc>Returns all labels or values of selection list ``locator``.</doc>
<arguments>
<arg>${drp_country}</arg>
</arguments>
<assign>
<var>${val}</var>
</assign>
<msg timestamp="20191220 00:51:48.807" level="INFO">${val} = ['ALBANIA', 'ALGERIA', 'AMERICAN SAMOA', 'ANDORRA', 'ANGOLA', 'ANGUILLA', 'ANTARCTICA', 'ANTIGUA AND BARBUDA', 'ARGENTINA', 'ARMENIA', 'ARUBA', 'ASHMORE AND CARTIER ISLANDS', 'AUSTRALIA', 'AUSTRIA', '...</msg>
<status status="PASS" starttime="20191220 00:51:47.018" endtime="20191220 00:51:48.808"></status>
</kw>
<kw name="Log" library="BuiltIn">
<doc>Logs the given message with the given level.</doc>
<arguments>
<arg>${val}</arg>
</arguments>
<msg timestamp="20191220 00:51:48.809" level="INFO">['ALBANIA', 'ALGERIA', 'AMERICAN SAMOA', 'ANDORRA', 'ANGOLA', 'ANGUILLA', 'ANTARCTICA', 'ANTIGUA AND BARBUDA', 'ARGENTINA', 'ARMENIA', 'ARUBA', 'ASHMORE AND CARTIER ISLANDS', 'AUSTRALIA', 'AUSTRIA', 'AZERBAIJAN', 'BAHAMAS', 'BAHRAIN', 'BAKER ISLAND', 'BANGLADESH', 'BARBADOS', 'BASSA DE INDIA', 'BELARUS', 'BELGIUM', 'BELIZE', 'BENIN', 'BERMUDA', 'BHUTAN', 'BOLIVIA', 'BOSNIA AND HERZEGOVINA', 'BOTSWANA', 'BOUVET ISLAND', 'BRAZIL', 'BRITISH INDIAN OCEAN TERRITORY', 'BRITISH VIRGIN ISLANDS', 'BRUNEI', 'BULGARIA', 'BURKINA FASO', 'BURMA', 'BURUNDI', 'CAMBODIA', 'CAMEROON', 'CANADA', 'CAPE VERDE', 'CAYMAN ISLANDS', 'CENTRAL AFRICAN REPUBLIC', 'CHAD', 'CHILE', 'CHINA', 'CHRISTMAS ISLAND', 'CLIPPERTON ISLAND', 'COCOS (KEELING) ISLANDS', 'COLOMBIA', 'COMOROS', 'CONGO', 'COOK ISLANDS', 'CORAL SEA ISLANDS', 'COSTA RICA', "COTE D'IVOIRE", 'CROATIA', 'CUBA', 'CYPRUS', 'CZECH REPUBLIC', 'DENMARK', 'DJIBOUTI', 'DOMINICA', 'DOMINICAN REPUBLIC', 'ECUADOR', 'EGYPT', 'EL SALVADOR', 'EQUATORIAL GUINEA', 'ERITREA', 'ESTONIA', 'ETHIOPIA', 'EUROPA ISLAND', 'FALKLAND ISLANDS', 'FAROE ISLANDS', 'FIJI', 'FINLAND', 'FRANCE', 'FRENCH GUIANA', 'FRENCH POLYNESIA', 'FRENCH SOUTHERN AND ANTARCTIC LANDS', 'GABON', 'GAMBIA, THE', 'GAZA STRIP', 'GEORGIA', 'GERMANY', 'GHANA', 'GIBRALTAR', 'GLORIOSO ISLANDS', 'GREECE', 'GREENLAND', 'GRENADA', 'GUADELOUPE', 'GUAM', 'GUATEMALA', 'GUERNSEY', 'GUINEA', 'GUINEA-BISSAU', 'GUYANA', 'HAITI', 'HEARD ISLAND AND MCDONALD ISLANDS', 'HONDURAS', 'HONG KONG', 'HOWLAND ISLAND', 'HUNGARY', 'ICELAND', 'INDIA', 'INDONESIA', 'IRAN', 'IRAQ', 'IRELAND', 'ISRAEL', 'ITALY', 'JAMAICA', 'JAN MAYEN', 'JAPAN', 'JARVIS ISLAND', 'JERSEY', 'JOHNSTON ATOLL', 'JORDAN', 'JUAN DE NOVA ISLAND', 'KAZAKHSTAN', 'KENYA', 'KINGMAN REEF', 'KIRIBATI', "KOREA, DEMOCRATIC PEOPLE'S REPUBLIC OF", 'KOREA, REPUBLIC OF', 'KUWAIT', 'KYRGYZSTAN', 'LAOS', 'LATVIA', 'LEBANON', 'LESOTHO', 'LIBERIA', 'LIBYA', 'LIECHTENSTEIN', 'LITHUANIA', 'LUXEMBOURG', 'MACAU', 'MACEDONIA, FORMER REPUBLIC OF', 'MADAGASCAR', 'MALAWI', 'MALAYSIA', 'MALDIVES', 'MALI', 'MALTA', 'MAN, ISLE OF', 'MARSHALL ISLANDS', 'MARTINIQUE', 'MAURITANIA', 'MAURITIUS', 'MAYOTTE', 'MEXICO', 'MICRONESIA', 'MIDWAY ISLANDS', 'MOLDOVA', 'MONACO', 'MONGOLIA', 'MONTENEGRO', 'MONTSERRAT', 'MOROCCO', 'MOZAMBIQUE', 'NAMIBIA', 'NAURU', 'NAVASSA ISLAND', 'NEPAL', 'NETHERLANDS', 'NETHERLANDS ANTILLES', 'NEW CALEDONIA', 'NEW ZEALAND', 'NICARAGUA', 'NIGER', 'NIGERIA', 'NIUE', 'NO MANS LAND', 'NORFOLK ISLAND', 'NORTHERN MARIANA ISLANDS', 'NORWAY', 'OCEANS', 'OMAN', 'PAKISTAN', 'PALMYRA ATOLL', 'PANAMA', 'PAPUA NEW GUINEA', 'PARACEL ISLANDS', 'PARAGUAY', 'PERU', 'PHILIPPINES', 'PITCAIRN ISLANDS', 'POLAND', 'PORTUGAL', 'PUERTO RICO', 'QATAR', 'REUNION', 'ROMANIA', 'RUSSIA', 'RWANDA', 'SAN MARINO', 'SAO TOME AND PRINCIPE', 'SAUDI ARABIA', 'SENEGAL', 'SERBIA', 'SEYCHELLES', 'SIERRA LEONE', 'SINGAPORE', 'SLOVAKIA', 'SLOVENIA', 'SOLOMON ISLANDS', 'SOMALIA', 'SOUTH AFRICA', 'SOVIET UNION', 'SPAIN', 'SPRATLY ISLANDS', 'SRI LANKA', 'ST. HELENA', 'ST. KITTS AND NEVIS', 'ST. LUCIA', 'ST. PIERRE AND MIQUELON', 'ST. VINCENT AND THE GRENADINES', 'SUDAN', 'SURINAME', 'SVALBARD', 'SWAZILAND', 'SWEDEN', 'SWITZERLAND', 'SYRIA', 'TAIWAN', 'TAJIKISTAN', 'TANZANIA, UNITED REPUBLIC OF', 'THAILAND', 'TOGO', 'TOKELAU', 'TONGA', 'TRINIDAD AND TOBAGO', 'TROMELIN ISLAND', 'TUNISIA', 'TURKEY', 'TURKMENISTAN', 'TURKS AND CAICOS ISLANDS', 'TUVALU', 'UGANDA', 'UKRAINE', 'UNDERSEA FEATURES', 'UNITED ARAB EMIRATES', 'UNITED KINGDOM', 'UNITED STATES', 'URUGUAY', 'UZBEKISTAN', 'VANUATU', 'VATICAN CITY', 'VENEZUELA', 'VIETNAM', 'VIRGIN ISLANDS', 'WAKE ISLAND', 'WALLIS AND FUTUNA', 'WEST BANK', 'WESTERN SAHARA', 'WESTERN SAMOA', 'YEMEN', 'YUGOSLAVIA', 'ZAIRE', 'ZAMBIA', 'ZIMBABWE']</msg>
<status status="PASS" starttime="20191220 00:51:48.809" endtime="20191220 00:51:48.809"></status>
</kw>
<status status="PASS" starttime="20191220 00:51:45.941" endtime="20191220 00:51:48.810"></status>
</kw>
<kw name="Enter user" library="RegistrationKeywords">
<arguments>
<arg>abir31</arg>
</arguments>
<kw name="Input Text" library="SeleniumLibrary">
<doc>Types the given ``text`` into the text field identified by ``locator``.</doc>
<arguments>
<arg>${txt_userName}</arg>
<arg>${username}</arg>
</arguments>
<msg timestamp="20191220 00:51:48.812" level="INFO">Typing text 'abir31' into text field 'name:email'.</msg>
<status status="PASS" starttime="20191220 00:51:48.811" endtime="20191220 00:51:48.830"></status>
</kw>
<status status="PASS" starttime="20191220 00:51:48.810" endtime="20191220 00:51:48.830"></status>
</kw>
<kw name="Enter pass" library="RegistrationKeywords">
<arguments>
<arg>test123</arg>
</arguments>
<kw name="Input Password" library="SeleniumLibrary">
<doc>Types the given password into the text field identified by ``locator``.</doc>
<arguments>
<arg>${txt_password}</arg>
<arg>${password}</arg>
</arguments>
<msg timestamp="20191220 00:51:48.832" level="INFO">Typing password into text field 'name:password'.</msg>
<status status="PASS" starttime="20191220 00:51:48.832" endtime="20191220 00:51:48.852"></status>
</kw>
<status status="PASS" starttime="20191220 00:51:48.831" endtime="20191220 00:51:48.852"></status>
</kw>
<kw name="Enter Confirmed password" library="RegistrationKeywords">
<arguments>
<arg>test123</arg>
</arguments>
<kw name="Input Password" library="SeleniumLibrary">
<doc>Types the given password into the text field identified by ``locator``.</doc>
<arguments>
<arg>${txt_conformedPassword}</arg>
<arg>${confpassword}</arg>
</arguments>
<msg timestamp="20191220 00:51:48.854" level="INFO">Typing password into text field 'name:confirmPassword'.</msg>
<status status="PASS" starttime="20191220 00:51:48.853" endtime="20191220 00:51:48.872"></status>
</kw>
<status status="PASS" starttime="20191220 00:51:48.853" endtime="20191220 00:51:48.872"></status>
</kw>
<kw name="Click Submit" library="RegistrationKeywords">
<kw name="Click Button" library="SeleniumLibrary">
<doc>Clicks the button identified by ``locator``.</doc>
<arguments>
<arg>${btn_submit}</arg>
</arguments>
<msg timestamp="20191220 00:51:48.876" level="INFO">Clicking button 'xpath://input[@name='register']'.</msg>
<status status="PASS" starttime="20191220 00:51:48.875" endtime="20191220 00:51:50.767"></status>
</kw>
<status status="PASS" starttime="20191220 00:51:48.873" endtime="20191220 00:51:50.767"></status>
</kw>
<kw name="Wait Until Page Contains" library="SeleniumLibrary">
<doc>Waits until ``text`` appears on the current page.</doc>
<arguments>
<arg>Thank you for registering.</arg>
<arg>30</arg>
</arguments>
<status status="PASS" starttime="20191220 00:51:50.768" endtime="20191220 00:51:50.788"></status>
</kw>
<kw name="Sleep" library="BuiltIn">
<doc>Pauses the test executed for the given time.</doc>
<arguments>
<arg>2</arg>
</arguments>
<msg timestamp="20191220 00:51:52.804" level="INFO">Slept 2 seconds</msg>
<status status="PASS" starttime="20191220 00:51:50.789" endtime="20191220 00:51:52.804"></status>
</kw>
<kw name="Close All Browsers" library="SeleniumLibrary" type="teardown">
<doc>Closes all open browsers and resets the browser cache.</doc>
<status status="PASS" starttime="20191220 00:51:52.804" endtime="20191220 00:51:54.202"></status>
</kw>
<doc>Test case to perform the registration process</doc>
<status status="PASS" starttime="20191220 00:51:33.134" endtime="20191220 00:51:54.202" critical="yes"></status>
</test>
<doc>Registering in the application
</doc>
<status status="PASS" starttime="20191220 00:51:32.017" endtime="20191220 00:51:54.202"></status>
</suite>
<doc>[https://pabot.org/?ref=log|Pabot] result from 3 executions.</doc>
<status status="PASS" starttime="20191220 00:51:32.001" endtime="20191220 00:52:10.944"></status>
</suite>
<statistics>
<total>
<stat pass="3" fail="0">Critical Tests</stat>
<stat pass="3" fail="0">All Tests</stat>
</total>
<tag>
</tag>
<suite>
<stat pass="3" fail="0" id="s1" name="TestCases">TestCases</stat>
<stat pass="1" fail="0" id="s1-s1" name="LoginTest">TestCases.LoginTest</stat>
<stat pass="1" fail="0" id="s1-s2" name="RegistrationDataDriven">TestCases.RegistrationDataDriven</stat>
<stat pass="1" fail="0" id="s1-s3" name="RegistrationTest">TestCases.RegistrationTest</stat>
</suite>
</statistics>
<errors>
</errors>
</robot>
