<?xml version="1.0" encoding="UTF-8"?>
<robot generator="Robot 3.1.2.1 (Python 3.7.2 on win32)" generated="20191220 00:51:32.017" rpa="false">
<suite id="s1" name="TestCases" source="D:\workspace1\TrainingPOM\TestCases">
<suite id="s1-s1" name="LoginTest" source="D:\workspace1\TrainingPOM\TestCases\LoginTest.robot">
<test id="s1-s1-t1" name="LoginTest">
<kw name="Open my browser" library="LoginKeywords" type="setup">
<arguments>
<arg>${url}</arg>
<arg>${browser}</arg>
</arguments>
<kw name="Open Browser" library="SeleniumLibrary">
<doc>Opens a new browser instance to the optional ``url``.</doc>
<arguments>
<arg>${SiteUrl}</arg>
<arg>${Browser}</arg>
</arguments>
<msg timestamp="20191220 00:51:33.118" level="INFO">Opening browser 'firefox' to base url 'http://newtours.demoaut.com'.</msg>
<msg timestamp="20191220 00:51:33.118" level="INFO">Firefox driver log is always forced to to: D:\workspace1\TrainingPOM\PabotResults\pabot_results\TestCases.LoginTest\geckodriver-1.log</msg>
<status status="PASS" starttime="20191220 00:51:33.118" endtime="20191220 00:51:44.751"></status>
</kw>
<kw name="Maximize Browser Window" library="SeleniumLibrary">
<doc>Maximizes current browser window.</doc>
<status status="PASS" starttime="20191220 00:51:44.753" endtime="20191220 00:51:45.022"></status>
</kw>
<status status="PASS" starttime="20191220 00:51:33.118" endtime="20191220 00:51:45.022"></status>
</kw>
<kw name="Enter UserName" library="LoginKeywords">
<arguments>
<arg>${user}</arg>
</arguments>
<kw name="Input Text" library="SeleniumLibrary">
<doc>Types the given ``text`` into the text field identified by ``locator``.</doc>
<arguments>
<arg>${txt_loginUserName}</arg>
<arg>${username}</arg>
</arguments>
<msg timestamp="20191220 00:51:45.023" level="INFO">Typing text 'tutorial' into text field 'name:userName'.</msg>
<status status="PASS" starttime="20191220 00:51:45.023" endtime="20191220 00:51:45.067"></status>
</kw>
<status status="PASS" starttime="20191220 00:51:45.022" endtime="20191220 00:51:45.067"></status>
</kw>
<kw name="Enter Password" library="LoginKeywords">
<arguments>
<arg>${password}</arg>
</arguments>
<kw name="Input Text" library="SeleniumLibrary">
<doc>Types the given ``text`` into the text field identified by ``locator``.</doc>
<arguments>
<arg>${txt_loginPassword}</arg>
<arg>${Password}</arg>
</arguments>
<msg timestamp="20191220 00:51:45.072" level="INFO">Typing text 'tutorial' into text field 'name:password'.</msg>
<status status="PASS" starttime="20191220 00:51:45.071" endtime="20191220 00:51:45.120"></status>
</kw>
<status status="PASS" starttime="20191220 00:51:45.068" endtime="20191220 00:51:45.121"></status>
</kw>
<kw name="Click SignIn" library="LoginKeywords">
<kw name="Click Button" library="SeleniumLibrary">
<doc>Clicks the button identified by ``locator``.</doc>
<arguments>
<arg>${btn_signIn}</arg>
</arguments>
<msg timestamp="20191220 00:51:45.126" level="INFO">Clicking button 'xpath://input[@name='login']'.</msg>
<status status="PASS" starttime="20191220 00:51:45.126" endtime="20191220 00:51:50.634"></status>
</kw>
<status status="PASS" starttime="20191220 00:51:45.123" endtime="20191220 00:51:50.634"></status>
</kw>
<kw name="Sleep" library="BuiltIn">
<doc>Pauses the test executed for the given time.</doc>
<arguments>
<arg>3</arg>
</arguments>
<msg timestamp="20191220 00:51:53.636" level="INFO">Slept 3 seconds</msg>
<status status="PASS" starttime="20191220 00:51:50.635" endtime="20191220 00:51:53.636"></status>
</kw>
<kw name="Verify Successful login" library="LoginKeywords">
<kw name="Wait Until Page Contains" library="SeleniumLibrary">
<doc>Waits until ``text`` appears on the current page.</doc>
<arguments>
<arg>Passengers:</arg>
<arg>60s</arg>
</arguments>
<status status="PASS" starttime="20191220 00:51:53.637" endtime="20191220 00:51:53.651"></status>
</kw>
<kw name="Title Should Be" library="SeleniumLibrary">
<doc>Verifies that the current page title equals ``title``.</doc>
<arguments>
<arg>Find a Flight: Mercury Tours:</arg>
</arguments>
<msg timestamp="20191220 00:51:53.656" level="INFO">Page title is 'Find a Flight: Mercury Tours:'.</msg>
<status status="PASS" starttime="20191220 00:51:53.652" endtime="20191220 00:51:53.656"></status>
</kw>
<status status="PASS" starttime="20191220 00:51:53.636" endtime="20191220 00:51:53.656"></status>
</kw>
<kw name="Close All Browsers" library="SeleniumLibrary" type="teardown">
<doc>Closes all open browsers and resets the browser cache.</doc>
<status status="PASS" starttime="20191220 00:51:53.656" endtime="20191220 00:51:54.949"></status>
</kw>
<status status="PASS" starttime="20191220 00:51:33.118" endtime="20191220 00:51:54.949" critical="yes"></status>
</test>
<status status="PASS" starttime="20191220 00:51:32.048" endtime="20191220 00:51:54.949"></status>
</suite>
<status status="PASS" starttime="20191220 00:51:32.017" endtime="20191220 00:51:54.949"></status>
</suite>
<statistics>
<total>
<stat pass="1" fail="0">Critical Tests</stat>
<stat pass="1" fail="0">All Tests</stat>
</total>
<tag>
</tag>
<suite>
<stat pass="1" fail="0" id="s1" name="TestCases">TestCases</stat>
<stat pass="1" fail="0" id="s1-s1" name="LoginTest">TestCases.LoginTest</stat>
</suite>
</statistics>
<errors>
</errors>
</robot>
